
<?xml version="1.0" encoding="UTF-8"?>
<robot generator="Robot 7.3.2 (Python 3.12.6 on win32)" generated="2025-08-07T11:42:08.523996" rpa="false" schemaversion="5">
<suite id="s1" name="Selenium" source="D:\Desktop\Programming\STSWENG\Project\Entom-System\React\src\selenium">
<suite id="s1-s1" name="01 userLogin" source="D:\Desktop\Programming\STSWENG\Project\Entom-System\React\src\selenium\01_userLogin.robot">
<test id="s1-s1-t1" name="AT-01: User Login With Valid Credentials" line="7">
<kw name="Open Login Page" owner="userLoginResource">
<kw name="Evaluate" owner="BuiltIn">
<msg time="2025-08-07T11:42:08.959560" level="INFO">${options} = &lt;selenium.webdriver.chrome.options.Options object at 0x0000013D81DB1D30&gt;</msg>
<var>${options}</var>
<arg>sys.modules['selenium.webdriver'].ChromeOptions()</arg>
<arg>sys, selenium.webdriver</arg>
<doc>Evaluates the given expression in Python and returns the result.</doc>
<status status="PASS" start="2025-08-07T11:42:08.959560" elapsed="0.000000"/>
</kw>
<kw name="Call Method" owner="BuiltIn">
<arg>${options}</arg>
<arg>add_argument</arg>
<arg>--headless</arg>
<doc>Calls the named method of the given object with the provided arguments.</doc>
<status status="PASS" start="2025-08-07T11:42:08.959560" elapsed="0.001506"/>
</kw>
<kw name="Call Method" owner="BuiltIn">
<arg>${options}</arg>
<arg>add_argument</arg>
<arg>--no-sandbox</arg>
<doc>Calls the named method of the given object with the provided arguments.</doc>
<status status="PASS" start="2025-08-07T11:42:08.961066" elapsed="0.000000"/>
</kw>
<kw name="Call Method" owner="BuiltIn">
<arg>${options}</arg>
<arg>add_argument</arg>
<arg>--disable-dev-shm-usage</arg>
<doc>Calls the named method of the given object with the provided arguments.</doc>
<status status="PASS" start="2025-08-07T11:42:08.961066" elapsed="0.000000"/>
</kw>
<kw name="Call Method" owner="BuiltIn">
<arg>${options}</arg>
<arg>add_argument</arg>
<arg>--disable-gpu</arg>
<doc>Calls the named method of the given object with the provided arguments.</doc>
<status status="PASS" start="2025-08-07T11:42:08.961066" elapsed="0.000000"/>
</kw>
<kw name="Create Webdriver" owner="SeleniumLibrary">
<msg time="2025-08-07T11:42:08.962085" level="INFO">Creating an instance of the Chrome WebDriver.</msg>
<arg>Chrome</arg>
<arg>options=${options}</arg>
<doc>Creates an instance of Selenium WebDriver.</doc>
<status status="PASS" start="2025-08-07T11:42:08.962085" elapsed="1.896218"/>
</kw>
<kw name="Go To" owner="SeleniumLibrary">
<msg time="2025-08-07T11:42:10.858303" level="INFO">Opening url 'http://localhost:3000'</msg>
<arg>${URL}</arg>
<doc>Navigates the current browser window to the provided ``url``.</doc>
<status status="PASS" start="2025-08-07T11:42:10.858303" elapsed="1.009898"/>
</kw>
<kw name="Maximize Browser Window" owner="SeleniumLibrary">
<doc>Maximizes current browser window.</doc>
<status status="PASS" start="2025-08-07T11:42:11.868201" elapsed="0.824753"/>
</kw>
<status status="PASS" start="2025-08-07T11:42:08.958559" elapsed="3.735391"/>
</kw>
<kw name="Login With Valid Credentials" owner="userLoginResource">
<kw name="Input Text" owner="SeleniumLibrary">
<msg time="2025-08-07T11:42:12.695971" level="INFO">Typing text 'DLSU admin' into text field 'css:input[placeholder="Username"]'.</msg>
<arg>css:input[placeholder="Username"]</arg>
<arg>${VALID_USERNAME}</arg>
<doc>Types the given ``text`` into the text field identified by ``locator``.</doc>
<status status="PASS" start="2025-08-07T11:42:12.694951" elapsed="0.176460"/>
</kw>
<kw name="Input Text" owner="SeleniumLibrary">
<msg time="2025-08-07T11:42:12.871411" level="INFO">Typing text '123' into text field 'css:input[placeholder="Password"]'.</msg>
<arg>css:input[placeholder="Password"]</arg>
<arg>${VALID_PASSWORD}</arg>
<doc>Types the given ``text`` into the text field identified by ``locator``.</doc>
<status status="PASS" start="2025-08-07T11:42:12.871411" elapsed="0.155494"/>
</kw>
<kw name="Click Button" owner="SeleniumLibrary">
<msg time="2025-08-07T11:42:13.027924" level="INFO">Clicking button 'id:login-button'.</msg>
<arg>id:login-button</arg>
<doc>Clicks the button identified by ``locator``.</doc>
<status status="PASS" start="2025-08-07T11:42:13.027924" elapsed="0.156140"/>
</kw>
<status status="PASS" start="2025-08-07T11:42:12.693950" elapsed="0.490114"/>
</kw>
<kw name="Should Be Redirected To Main Menu" owner="userLoginResource">
<kw name="Wait Until Location Contains" owner="SeleniumLibrary">
<arg>/MainMenu</arg>
<doc>Waits until the current URL contains ``expected``.</doc>
<status status="PASS" start="2025-08-07T11:42:13.186078" elapsed="0.231901"/>
</kw>
<status status="PASS" start="2025-08-07T11:42:13.185066" elapsed="0.233897"/>
</kw>
<kw name="Close Browser" owner="SeleniumLibrary" type="TEARDOWN">
<doc>Closes the current browser.</doc>
<status status="PASS" start="2025-08-07T11:42:13.418963" elapsed="2.582454"/>
</kw>
<status status="PASS" start="2025-08-07T11:42:08.958559" elapsed="7.043878"/>
</test>
<test id="s1-s1-t2" name="AT-02: User Login With Invalid Credentials" line="13">
<kw name="Open Login Page" owner="userLoginResource">
<kw name="Evaluate" owner="BuiltIn">
<msg time="2025-08-07T11:42:16.005429" level="INFO">${options} = &lt;selenium.webdriver.chrome.options.Options object at 0x0000013D81DCEC60&gt;</msg>
<var>${options}</var>
<arg>sys.modules['selenium.webdriver'].ChromeOptions()</arg>
<arg>sys, selenium.webdriver</arg>
<doc>Evaluates the given expression in Python and returns the result.</doc>
<status status="PASS" start="2025-08-07T11:42:16.005429" elapsed="0.000000"/>
</kw>
<kw name="Call Method" owner="BuiltIn">
<arg>${options}</arg>
<arg>add_argument</arg>
<arg>--headless</arg>
<doc>Calls the named method of the given object with the provided arguments.</doc>
<status status="PASS" start="2025-08-07T11:42:16.005429" elapsed="0.000000"/>
</kw>
<kw name="Call Method" owner="BuiltIn">
<arg>${options}</arg>
<arg>add_argument</arg>
<arg>--no-sandbox</arg>
<doc>Calls the named method of the given object with the provided arguments.</doc>
<status status="PASS" start="2025-08-07T11:42:16.006424" elapsed="0.000000"/>
</kw>
<kw name="Call Method" owner="BuiltIn">
<arg>${options}</arg>
<arg>add_argument</arg>
<arg>--disable-dev-shm-usage</arg>
<doc>Calls the named method of the given object with the provided arguments.</doc>
<status status="PASS" start="2025-08-07T11:42:16.006424" elapsed="0.000000"/>
</kw>
<kw name="Call Method" owner="BuiltIn">
<arg>${options}</arg>
<arg>add_argument</arg>
<arg>--disable-gpu</arg>
<doc>Calls the named method of the given object with the provided arguments.</doc>
<status status="PASS" start="2025-08-07T11:42:16.006424" elapsed="0.000000"/>
</kw>
<kw name="Create Webdriver" owner="SeleniumLibrary">
<msg time="2025-08-07T11:42:16.007433" level="INFO">Creating an instance of the Chrome WebDriver.</msg>
<arg>Chrome</arg>
<arg>options=${options}</arg>
<doc>Creates an instance of Selenium WebDriver.</doc>
<status status="PASS" start="2025-08-07T11:42:16.006424" elapsed="1.739163"/>
</kw>
<kw name="Go To" owner="SeleniumLibrary">
<msg time="2025-08-07T11:42:17.745587" level="INFO">Opening url 'http://localhost:3000'</msg>
<arg>${URL}</arg>
<doc>Navigates the current browser window to the provided ``url``.</doc>
<status status="PASS" start="2025-08-07T11:42:17.745587" elapsed="1.015740"/>
</kw>
<kw name="Maximize Browser Window" owner="SeleniumLibrary">
<doc>Maximizes current browser window.</doc>
<status status="PASS" start="2025-08-07T11:42:18.762342" elapsed="0.364477"/>
</kw>
<status status="PASS" start="2025-08-07T11:42:16.004424" elapsed="3.122395"/>
</kw>
<kw name="Login With Invalid Credentials" owner="userLoginResource">
<kw name="Input Text" owner="SeleniumLibrary">
<msg time="2025-08-07T11:42:19.127819" level="INFO">Typing text 'wronguser' into text field 'css:input[placeholder="Username"]'.</msg>
<arg>css:input[placeholder="Username"]</arg>
<arg>${INVALID_USERNAME}</arg>
<doc>Types the given ``text`` into the text field identified by ``locator``.</doc>
<status status="PASS" start="2025-08-07T11:42:19.127819" elapsed="0.235720"/>
</kw>
<kw name="Input Text" owner="SeleniumLibrary">
<msg time="2025-08-07T11:42:19.364555" level="INFO">Typing text 'wrongpass' into text field 'css:input[placeholder="Password"]'.</msg>
<arg>css:input[placeholder="Password"]</arg>
<arg>${INVALID_PASSWORD}</arg>
<doc>Types the given ``text`` into the text field identified by ``locator``.</doc>
<status status="PASS" start="2025-08-07T11:42:19.364555" elapsed="0.191681"/>
</kw>
<kw name="Click Button" owner="SeleniumLibrary">
<msg time="2025-08-07T11:42:19.556236" level="INFO">Clicking button 'id:login-button'.</msg>
<arg>id:login-button</arg>
<doc>Clicks the button identified by ``locator``.</doc>
<status status="PASS" start="2025-08-07T11:42:19.556236" elapsed="0.169347"/>
</kw>
<status status="PASS" start="2025-08-07T11:42:19.127819" elapsed="0.598765"/>
</kw>
<kw name="Should Stay On Login Page With Error" owner="userLoginResource">
<kw name="Wait Until Page Contains" owner="SeleniumLibrary">
<arg>Invalid username or password</arg>
<doc>Waits until ``text`` appears on the current page.</doc>
<status status="PASS" start="2025-08-07T11:42:19.727580" elapsed="0.238880"/>
</kw>
<status status="PASS" start="2025-08-07T11:42:19.726584" elapsed="0.239876"/>
</kw>
<kw name="Close Browser" owner="SeleniumLibrary" type="TEARDOWN">
<doc>Closes the current browser.</doc>
<status status="PASS" start="2025-08-07T11:42:19.967809" elapsed="2.381866"/>
</kw>
<status status="PASS" start="2025-08-07T11:42:16.004424" elapsed="6.345251"/>
</test>
<doc>Test cases for User Login</doc>
<status status="PASS" start="2025-08-07T11:42:08.572147" elapsed="13.780060"/>
</suite>
<suite id="s1-s2" name="02 settingDefaultRate" source="D:\Desktop\Programming\STSWENG\Project\Entom-System\React\src\selenium\02_settingDefaultRate.robot">
<test id="s1-s2-t1" name="AT-03: Set Default Rate With Positive Integer" line="8">
<kw name="Open Login Page" owner="userLoginResource">
<kw name="Evaluate" owner="BuiltIn">
<msg time="2025-08-07T11:42:22.372262" level="INFO">${options} = &lt;selenium.webdriver.chrome.options.Options object at 0x0000013D81DCFFE0&gt;</msg>
<var>${options}</var>
<arg>sys.modules['selenium.webdriver'].ChromeOptions()</arg>
<arg>sys, selenium.webdriver</arg>
<doc>Evaluates the given expression in Python and returns the result.</doc>
<status status="PASS" start="2025-08-07T11:42:22.371247" elapsed="0.001015"/>
</kw>
<kw name="Call Method" owner="BuiltIn">
<arg>${options}</arg>
<arg>add_argument</arg>
<arg>--headless</arg>
<doc>Calls the named method of the given object with the provided arguments.</doc>
<status status="PASS" start="2025-08-07T11:42:22.372262" elapsed="0.000000"/>
</kw>
<kw name="Call Method" owner="BuiltIn">
<arg>${options}</arg>
<arg>add_argument</arg>
<arg>--no-sandbox</arg>
<doc>Calls the named method of the given object with the provided arguments.</doc>
<status status="PASS" start="2025-08-07T11:42:22.372262" elapsed="0.001001"/>
</kw>
<kw name="Call Method" owner="BuiltIn">
<arg>${options}</arg>
<arg>add_argument</arg>
<arg>--disable-dev-shm-usage</arg>
<doc>Calls the named method of the given object with the provided arguments.</doc>
<status status="PASS" start="2025-08-07T11:42:22.373263" elapsed="0.000000"/>
</kw>
<kw name="Call Method" owner="BuiltIn">
<arg>${options}</arg>
<arg>add_argument</arg>
<arg>--disable-gpu</arg>
<doc>Calls the named method of the given object with the provided arguments.</doc>
<status status="PASS" start="2025-08-07T11:42:22.373263" elapsed="0.000000"/>
</kw>
<kw name="Create Webdriver" owner="SeleniumLibrary">
<msg time="2025-08-07T11:42:22.374264" level="INFO">Creating an instance of the Chrome WebDriver.</msg>
<arg>Chrome</arg>
<arg>options=${options}</arg>
<doc>Creates an instance of Selenium WebDriver.</doc>
<status status="PASS" start="2025-08-07T11:42:22.373263" elapsed="1.636115"/>
</kw>
<kw name="Go To" owner="SeleniumLibrary">
<msg time="2025-08-07T11:42:24.009378" level="INFO">Opening url 'http://localhost:3000'</msg>
<arg>${URL}</arg>
<doc>Navigates the current browser window to the provided ``url``.</doc>
<status status="PASS" start="2025-08-07T11:42:24.009378" elapsed="1.274016"/>
</kw>
<kw name="Maximize Browser Window" owner="SeleniumLibrary">
<doc>Maximizes current browser window.</doc>
<status status="PASS" start="2025-08-07T11:42:25.283394" elapsed="0.485762"/>
</kw>
<status status="PASS" start="2025-08-07T11:42:22.369720" elapsed="3.400436"/>
</kw>
<kw name="Login With Valid Credentials" owner="userLoginResource">
<kw name="Input Text" owner="SeleniumLibrary">
<msg time="2025-08-07T11:42:25.771163" level="INFO">Typing text 'DLSU admin' into text field 'css:input[placeholder="Username"]'.</msg>
<arg>css:input[placeholder="Username"]</arg>
<arg>${VALID_USERNAME}</arg>
<doc>Types the given ``text`` into the text field identified by ``locator``.</doc>
<status status="PASS" start="2025-08-07T11:42:25.771163" elapsed="0.202660"/>
</kw>
<kw name="Input Text" owner="SeleniumLibrary">
<msg time="2025-08-07T11:42:25.974873" level="INFO">Typing text '123' into text field 'css:input[placeholder="Password"]'.</msg>
<arg>css:input[placeholder="Password"]</arg>
<arg>${VALID_PASSWORD}</arg>
<doc>Types the given ``text`` into the text field identified by ``locator``.</doc>
<status status="PASS" start="2025-08-07T11:42:25.973823" elapsed="0.154592"/>
</kw>
<kw name="Click Button" owner="SeleniumLibrary">
<msg time="2025-08-07T11:42:26.129448" level="INFO">Clicking button 'id:login-button'.</msg>
<arg>id:login-button</arg>
<doc>Clicks the button identified by ``locator``.</doc>
<status status="PASS" start="2025-08-07T11:42:26.129448" elapsed="0.168818"/>
</kw>
<status status="PASS" start="2025-08-07T11:42:25.770156" elapsed="0.528110"/>
</kw>
<kw name="Should Be Redirected To Main Menu" owner="userLoginResource">
<kw name="Wait Until Location Contains" owner="SeleniumLibrary">
<arg>/MainMenu</arg>
<doc>Waits until the current URL contains ``expected``.</doc>
<status status="PASS" start="2025-08-07T11:42:26.299270" elapsed="0.234508"/>
</kw>
<status status="PASS" start="2025-08-07T11:42:26.298266" elapsed="0.236513"/>
</kw>
<kw name="Navigate To Set Defaults Page" owner="settingDefaultRateResource">
<kw name="Click Element" owner="SeleniumLibrary">
<msg time="2025-08-07T11:42:26.536783" level="INFO">Clicking element 'id:set-default-button'.</msg>
<arg>id:set-default-button</arg>
<doc>Click the element identified by ``locator``.</doc>
<status status="PASS" start="2025-08-07T11:42:26.535780" elapsed="0.193361"/>
</kw>
<status status="PASS" start="2025-08-07T11:42:26.535780" elapsed="0.193361"/>
</kw>
<kw name="Set Default Rate To Value" owner="settingDefaultRateResource">
<kw name="Wait Until Element Is Visible" owner="SeleniumLibrary">
<arg>id:rate-field</arg>
<arg>5s</arg>
<doc>Waits until the element ``locator`` is visible.</doc>
<status status="PASS" start="2025-08-07T11:42:26.730142" elapsed="0.029125"/>
</kw>
<kw name="Input Text" owner="SeleniumLibrary">
<msg time="2025-08-07T11:42:26.760242" level="INFO">Typing text '100' into text field 'id:rate-field'.</msg>
<arg>id:rate-field</arg>
<arg>${value}</arg>
<doc>Types the given ``text`` into the text field identified by ``locator``.</doc>
<status status="PASS" start="2025-08-07T11:42:26.759267" elapsed="0.120367"/>
</kw>
<kw name="Input Text" owner="SeleniumLibrary">
<msg time="2025-08-07T11:42:26.879634" level="INFO">Typing text '100' into text field 'id:basic-field'.</msg>
<arg>id:basic-field</arg>
<arg>${value}</arg>
<doc>Types the given ``text`` into the text field identified by ``locator``.</doc>
<status status="PASS" start="2025-08-07T11:42:26.879634" elapsed="0.113474"/>
</kw>
<kw name="Execute Javascript" owner="SeleniumLibrary">
<msg time="2025-08-07T11:42:26.994096" level="INFO">Executing JavaScript:
document.getElementById("confirm-button").scrollIntoView()
Without any arguments.</msg>
<arg>document.getElementById("confirm-button").scrollIntoView()</arg>
<doc>Executes the given JavaScript code with possible arguments.</doc>
<status status="PASS" start="2025-08-07T11:42:26.993108" elapsed="0.010246"/>
</kw>
<kw name="Click Button" owner="SeleniumLibrary">
<msg time="2025-08-07T11:42:27.103291" level="INFO">Clicking button 'id:confirm-button'.</msg>
<arg>id:confirm-button</arg>
<doc>Clicks the button identified by ``locator``.</doc>
<status status="PASS" start="2025-08-07T11:42:27.103291" elapsed="0.138977"/>
</kw>
<arg>${POSITIVE_INTEGER}</arg>
<status status="PASS" start="2025-08-07T11:42:26.730142" elapsed="0.512126"/>
</kw>
<kw name="Close Browser" owner="SeleniumLibrary" type="TEARDOWN">
<doc>Closes the current browser.</doc>
<status status="PASS" start="2025-08-07T11:42:27.243271" elapsed="2.479183"/>
</kw>
<status status="PASS" start="2025-08-07T11:42:22.369720" elapsed="7.352734"/>
</test>
<test id="s1-s2-t2" name="AT-04: Set Default Rate With Floating Point Value" line="17">
<kw name="Open Login Page" owner="userLoginResource">
<kw name="Evaluate" owner="BuiltIn">
<msg time="2025-08-07T11:42:29.726428" level="INFO">${options} = &lt;selenium.webdriver.chrome.options.Options object at 0x0000013D81DF1100&gt;</msg>
<var>${options}</var>
<arg>sys.modules['selenium.webdriver'].ChromeOptions()</arg>
<arg>sys, selenium.webdriver</arg>
<doc>Evaluates the given expression in Python and returns the result.</doc>
<status status="PASS" start="2025-08-07T11:42:29.725430" elapsed="0.000998"/>
</kw>
<kw name="Call Method" owner="BuiltIn">
<arg>${options}</arg>
<arg>add_argument</arg>
<arg>--headless</arg>
<doc>Calls the named method of the given object with the provided arguments.</doc>
<status status="PASS" start="2025-08-07T11:42:29.726428" elapsed="0.000000"/>
</kw>
<kw name="Call Method" owner="BuiltIn">
<arg>${options}</arg>
<arg>add_argument</arg>
<arg>--no-sandbox</arg>
<doc>Calls the named method of the given object with the provided arguments.</doc>
<status status="PASS" start="2025-08-07T11:42:29.726428" elapsed="0.000000"/>
</kw>
<kw name="Call Method" owner="BuiltIn">
<arg>${options}</arg>
<arg>add_argument</arg>
<arg>--disable-dev-shm-usage</arg>
<doc>Calls the named method of the given object with the provided arguments.</doc>
<status status="PASS" start="2025-08-07T11:42:29.726428" elapsed="0.000000"/>
</kw>
<kw name="Call Method" owner="BuiltIn">
<arg>${options}</arg>
<arg>add_argument</arg>
<arg>--disable-gpu</arg>
<doc>Calls the named method of the given object with the provided arguments.</doc>
<status status="PASS" start="2025-08-07T11:42:29.726428" elapsed="0.001033"/>
</kw>
<kw name="Create Webdriver" owner="SeleniumLibrary">
<msg time="2025-08-07T11:42:29.727461" level="INFO">Creating an instance of the Chrome WebDriver.</msg>
<arg>Chrome</arg>
<arg>options=${options}</arg>
<doc>Creates an instance of Selenium WebDriver.</doc>
<status status="PASS" start="2025-08-07T11:42:29.727461" elapsed="1.647316"/>
</kw>
<kw name="Go To" owner="SeleniumLibrary">
<msg time="2025-08-07T11:42:31.375742" level="INFO">Opening url 'http://localhost:3000'</msg>
<arg>${URL}</arg>
<doc>Navigates the current browser window to the provided ``url``.</doc>
<status status="PASS" start="2025-08-07T11:42:31.375742" elapsed="1.045610"/>
</kw>
<kw name="Maximize Browser Window" owner="SeleniumLibrary">
<doc>Maximizes current browser window.</doc>
<status status="PASS" start="2025-08-07T11:42:32.421352" elapsed="0.350803"/>
</kw>
<status status="PASS" start="2025-08-07T11:42:29.725430" elapsed="3.046725"/>
</kw>
<kw name="Login With Valid Credentials" owner="userLoginResource">
<kw name="Input Text" owner="SeleniumLibrary">
<msg time="2025-08-07T11:42:32.774159" level="INFO">Typing text 'DLSU admin' into text field 'css:input[placeholder="Username"]'.</msg>
<arg>css:input[placeholder="Username"]</arg>
<arg>${VALID_USERNAME}</arg>
<doc>Types the given ``text`` into the text field identified by ``locator``.</doc>
<status status="PASS" start="2025-08-07T11:42:32.773154" elapsed="0.216683"/>
</kw>
<kw name="Input Text" owner="SeleniumLibrary">
<msg time="2025-08-07T11:42:32.990838" level="INFO">Typing text '123' into text field 'css:input[placeholder="Password"]'.</msg>
<arg>css:input[placeholder="Password"]</arg>
<arg>${VALID_PASSWORD}</arg>
<doc>Types the given ``text`` into the text field identified by ``locator``.</doc>
<status status="PASS" start="2025-08-07T11:42:32.989837" elapsed="0.156607"/>
</kw>
<kw name="Click Button" owner="SeleniumLibrary">
<msg time="2025-08-07T11:42:33.147460" level="INFO">Clicking button 'id:login-button'.</msg>
<arg>id:login-button</arg>
<doc>Clicks the button identified by ``locator``.</doc>
<status status="PASS" start="2025-08-07T11:42:33.147460" elapsed="0.175825"/>
</kw>
<status status="PASS" start="2025-08-07T11:42:32.773154" elapsed="0.550131"/>
</kw>
<kw name="Should Be Redirected To Main Menu" owner="userLoginResource">
<kw name="Wait Until Location Contains" owner="SeleniumLibrary">
<arg>/MainMenu</arg>
<doc>Waits until the current URL contains ``expected``.</doc>
<status status="PASS" start="2025-08-07T11:42:33.324291" elapsed="0.253053"/>
</kw>
<status status="PASS" start="2025-08-07T11:42:33.324291" elapsed="0.253053"/>
</kw>
<kw name="Navigate To Set Defaults Page" owner="settingDefaultRateResource">
<kw name="Click Element" owner="SeleniumLibrary">
<msg time="2025-08-07T11:42:33.579354" level="INFO">Clicking element 'id:set-default-button'.</msg>
<arg>id:set-default-button</arg>
<doc>Click the element identified by ``locator``.</doc>
<status status="PASS" start="2025-08-07T11:42:33.579354" elapsed="0.190468"/>
</kw>
<status status="PASS" start="2025-08-07T11:42:33.578355" elapsed="0.191467"/>
</kw>
<kw name="Set Default Rate To Value" owner="settingDefaultRateResource">
<kw name="Wait Until Element Is Visible" owner="SeleniumLibrary">
<arg>id:rate-field</arg>
<arg>5s</arg>
<doc>Waits until the element ``locator`` is visible.</doc>
<status status="PASS" start="2025-08-07T11:42:33.770822" elapsed="0.027649"/>
</kw>
<kw name="Input Text" owner="SeleniumLibrary">
<msg time="2025-08-07T11:42:33.799467" level="INFO">Typing text '123.45' into text field 'id:rate-field'.</msg>
<arg>id:rate-field</arg>
<arg>${value}</arg>
<doc>Types the given ``text`` into the text field identified by ``locator``.</doc>
<status status="PASS" start="2025-08-07T11:42:33.799467" elapsed="0.129471"/>
</kw>
<kw name="Input Text" owner="SeleniumLibrary">
<msg time="2025-08-07T11:42:33.929930" level="INFO">Typing text '123.45' into text field 'id:basic-field'.</msg>
<arg>id:basic-field</arg>
<arg>${value}</arg>
<doc>Types the given ``text`` into the text field identified by ``locator``.</doc>
<status status="PASS" start="2025-08-07T11:42:33.929930" elapsed="0.134389"/>
</kw>
<kw name="Execute Javascript" owner="SeleniumLibrary">
<msg time="2025-08-07T11:42:34.065310" level="INFO">Executing JavaScript:
document.getElementById("confirm-button").scrollIntoView()
Without any arguments.</msg>
<arg>document.getElementById("confirm-button").scrollIntoView()</arg>
<doc>Executes the given JavaScript code with possible arguments.</doc>
<status status="PASS" start="2025-08-07T11:42:34.064319" elapsed="0.011495"/>
</kw>
<kw name="Click Button" owner="SeleniumLibrary">
<msg time="2025-08-07T11:42:34.075814" level="INFO">Clicking button 'id:confirm-button'.</msg>
<arg>id:confirm-button</arg>
<doc>Clicks the button identified by ``locator``.</doc>
<status status="PASS" start="2025-08-07T11:42:34.075814" elapsed="0.134162"/>
</kw>
<arg>${FLOAT_VALUE}</arg>
<status status="PASS" start="2025-08-07T11:42:33.770822" elapsed="0.439154"/>
</kw>
<kw name="Close Browser" owner="SeleniumLibrary" type="TEARDOWN">
<doc>Closes the current browser.</doc>
<status status="PASS" start="2025-08-07T11:42:34.210969" elapsed="2.367977"/>
</kw>
<status status="PASS" start="2025-08-07T11:42:29.724479" elapsed="6.854467"/>
</test>
<test id="s1-s2-t3" name="AT-05: Set Default Rate With Negative Value" line="26">
<kw name="Open Login Page" owner="userLoginResource">
<kw name="Evaluate" owner="BuiltIn">
<msg time="2025-08-07T11:42:36.583156" level="INFO">${options} = &lt;selenium.webdriver.chrome.options.Options object at 0x0000013D81DB1C70&gt;</msg>
<var>${options}</var>
<arg>sys.modules['selenium.webdriver'].ChromeOptions()</arg>
<arg>sys, selenium.webdriver</arg>
<doc>Evaluates the given expression in Python and returns the result.</doc>
<status status="PASS" start="2025-08-07T11:42:36.582178" elapsed="0.000978"/>
</kw>
<kw name="Call Method" owner="BuiltIn">
<arg>${options}</arg>
<arg>add_argument</arg>
<arg>--headless</arg>
<doc>Calls the named method of the given object with the provided arguments.</doc>
<status status="PASS" start="2025-08-07T11:42:36.583156" elapsed="0.000000"/>
</kw>
<kw name="Call Method" owner="BuiltIn">
<arg>${options}</arg>
<arg>add_argument</arg>
<arg>--no-sandbox</arg>
<doc>Calls the named method of the given object with the provided arguments.</doc>
<status status="PASS" start="2025-08-07T11:42:36.583156" elapsed="0.001023"/>
</kw>
<kw name="Call Method" owner="BuiltIn">
<arg>${options}</arg>
<arg>add_argument</arg>
<arg>--disable-dev-shm-usage</arg>
<doc>Calls the named method of the given object with the provided arguments.</doc>
<status status="PASS" start="2025-08-07T11:42:36.584179" elapsed="0.000000"/>
</kw>
<kw name="Call Method" owner="BuiltIn">
<arg>${options}</arg>
<arg>add_argument</arg>
<arg>--disable-gpu</arg>
<doc>Calls the named method of the given object with the provided arguments.</doc>
<status status="PASS" start="2025-08-07T11:42:36.584179" elapsed="0.000000"/>
</kw>
<kw name="Create Webdriver" owner="SeleniumLibrary">
<msg time="2025-08-07T11:42:36.585156" level="INFO">Creating an instance of the Chrome WebDriver.</msg>
<arg>Chrome</arg>
<arg>options=${options}</arg>
<doc>Creates an instance of Selenium WebDriver.</doc>
<status status="PASS" start="2025-08-07T11:42:36.584179" elapsed="1.598568"/>
</kw>
<kw name="Go To" owner="SeleniumLibrary">
<msg time="2025-08-07T11:42:38.182747" level="INFO">Opening url 'http://localhost:3000'</msg>
<arg>${URL}</arg>
<doc>Navigates the current browser window to the provided ``url``.</doc>
<status status="PASS" start="2025-08-07T11:42:38.182747" elapsed="1.356865"/>
</kw>
<kw name="Maximize Browser Window" owner="SeleniumLibrary">
<doc>Maximizes current browser window.</doc>
<status status="PASS" start="2025-08-07T11:42:39.539612" elapsed="0.043349"/>
</kw>
<status status="PASS" start="2025-08-07T11:42:36.582178" elapsed="3.000783"/>
</kw>
<kw name="Login With Valid Credentials" owner="userLoginResource">
<kw name="Input Text" owner="SeleniumLibrary">
<msg time="2025-08-07T11:42:39.583965" level="INFO">Typing text 'DLSU admin' into text field 'css:input[placeholder="Username"]'.</msg>
<arg>css:input[placeholder="Username"]</arg>
<arg>${VALID_USERNAME}</arg>
<doc>Types the given ``text`` into the text field identified by ``locator``.</doc>
<status status="PASS" start="2025-08-07T11:42:39.583965" elapsed="0.192337"/>
</kw>
<kw name="Input Text" owner="SeleniumLibrary">
<msg time="2025-08-07T11:42:39.776302" level="INFO">Typing text '123' into text field 'css:input[placeholder="Password"]'.</msg>
<arg>css:input[placeholder="Password"]</arg>
<arg>${VALID_PASSWORD}</arg>
<doc>Types the given ``text`` into the text field identified by ``locator``.</doc>
<status status="PASS" start="2025-08-07T11:42:39.776302" elapsed="0.163130"/>
</kw>
<kw name="Click Button" owner="SeleniumLibrary">
<msg time="2025-08-07T11:42:39.939432" level="INFO">Clicking button 'id:login-button'.</msg>
<arg>id:login-button</arg>
<doc>Clicks the button identified by ``locator``.</doc>
<status status="PASS" start="2025-08-07T11:42:39.939432" elapsed="0.200580"/>
</kw>
<status status="PASS" start="2025-08-07T11:42:39.582961" elapsed="0.558049"/>
</kw>
<kw name="Should Be Redirected To Main Menu" owner="userLoginResource">
<kw name="Wait Until Location Contains" owner="SeleniumLibrary">
<arg>/MainMenu</arg>
<doc>Waits until the current URL contains ``expected``.</doc>
<status status="PASS" start="2025-08-07T11:42:40.142068" elapsed="0.272400"/>
</kw>
<status status="PASS" start="2025-08-07T11:42:40.141525" elapsed="0.272943"/>
</kw>
<kw name="Navigate To Set Defaults Page" owner="settingDefaultRateResource">
<kw name="Click Element" owner="SeleniumLibrary">
<msg time="2025-08-07T11:42:40.416469" level="INFO">Clicking element 'id:set-default-button'.</msg>
<arg>id:set-default-button</arg>
<doc>Click the element identified by ``locator``.</doc>
<status status="PASS" start="2025-08-07T11:42:40.415469" elapsed="0.230662"/>
</kw>
<status status="PASS" start="2025-08-07T11:42:40.415469" elapsed="0.230662"/>
</kw>
<kw name="Set Default Rate To Value" owner="settingDefaultRateResource">
<kw name="Wait Until Element Is Visible" owner="SeleniumLibrary">
<arg>id:rate-field</arg>
<arg>5s</arg>
<doc>Waits until the element ``locator`` is visible.</doc>
<status status="PASS" start="2025-08-07T11:42:40.647122" elapsed="0.025441"/>
</kw>
<kw name="Input Text" owner="SeleniumLibrary">
<msg time="2025-08-07T11:42:40.673561" level="INFO">Typing text '-50' into text field 'id:rate-field'.</msg>
<arg>id:rate-field</arg>
<arg>${value}</arg>
<doc>Types the given ``text`` into the text field identified by ``locator``.</doc>
<status status="PASS" start="2025-08-07T11:42:40.672563" elapsed="0.184811"/>
</kw>
<kw name="Input Text" owner="SeleniumLibrary">
<msg time="2025-08-07T11:42:40.858376" level="INFO">Typing text '-50' into text field 'id:basic-field'.</msg>
<arg>id:basic-field</arg>
<arg>${value}</arg>
<doc>Types the given ``text`` into the text field identified by ``locator``.</doc>
<status status="PASS" start="2025-08-07T11:42:40.857374" elapsed="0.148318"/>
</kw>
<kw name="Execute Javascript" owner="SeleniumLibrary">
<msg time="2025-08-07T11:42:41.006694" level="INFO">Executing JavaScript:
document.getElementById("confirm-button").scrollIntoView()
Without any arguments.</msg>
<arg>document.getElementById("confirm-button").scrollIntoView()</arg>
<doc>Executes the given JavaScript code with possible arguments.</doc>
<status status="PASS" start="2025-08-07T11:42:41.006694" elapsed="0.017096"/>
</kw>
<kw name="Click Button" owner="SeleniumLibrary">
<msg time="2025-08-07T11:42:41.024791" level="INFO">Clicking button 'id:confirm-button'.</msg>
<arg>id:confirm-button</arg>
<doc>Clicks the button identified by ``locator``.</doc>
<status status="PASS" start="2025-08-07T11:42:41.023790" elapsed="0.164911"/>
</kw>
<arg>${NEGATIVE_VALUE}</arg>
<status status="PASS" start="2025-08-07T11:42:40.647122" elapsed="0.541579"/>
</kw>
<kw name="Close Browser" owner="SeleniumLibrary" type="TEARDOWN">
<doc>Closes the current browser.</doc>
<status status="PASS" start="2025-08-07T11:42:41.189707" elapsed="2.436330"/>
</kw>
<status status="PASS" start="2025-08-07T11:42:36.580900" elapsed="7.046012"/>
</test>
<doc>Test cases for Setting Default Rate</doc>
<status status="PASS" start="2025-08-07T11:42:22.354213" elapsed="21.273706"/>
</suite>
<suite id="s1-s3" name="03 calculatePayroll" source="D:\Desktop\Programming\STSWENG\Project\Entom-System\React\src\selenium\03_calculatePayroll.robot">
<test id="s1-s3-t1" name="AT-06: Generate Payroll With Valid Inputs" line="8">
<kw name="Open Login Page" owner="userLoginResource">
<kw name="Evaluate" owner="BuiltIn">
<msg time="2025-08-07T11:42:43.641311" level="INFO">${options} = &lt;selenium.webdriver.chrome.options.Options object at 0x0000013D82172FC0&gt;</msg>
<var>${options}</var>
<arg>sys.modules['selenium.webdriver'].ChromeOptions()</arg>
<arg>sys, selenium.webdriver</arg>
<doc>Evaluates the given expression in Python and returns the result.</doc>
<status status="PASS" start="2025-08-07T11:42:43.641311" elapsed="0.000000"/>
</kw>
<kw name="Call Method" owner="BuiltIn">
<arg>${options}</arg>
<arg>add_argument</arg>
<arg>--headless</arg>
<doc>Calls the named method of the given object with the provided arguments.</doc>
<status status="PASS" start="2025-08-07T11:42:43.641816" elapsed="0.000000"/>
</kw>
<kw name="Call Method" owner="BuiltIn">
<arg>${options}</arg>
<arg>add_argument</arg>
<arg>--no-sandbox</arg>
<doc>Calls the named method of the given object with the provided arguments.</doc>
<status status="PASS" start="2025-08-07T11:42:43.641816" elapsed="0.000000"/>
</kw>
<kw name="Call Method" owner="BuiltIn">
<arg>${options}</arg>
<arg>add_argument</arg>
<arg>--disable-dev-shm-usage</arg>
<doc>Calls the named method of the given object with the provided arguments.</doc>
<status status="PASS" start="2025-08-07T11:42:43.641816" elapsed="0.001007"/>
</kw>
<kw name="Call Method" owner="BuiltIn">
<arg>${options}</arg>
<arg>add_argument</arg>
<arg>--disable-gpu</arg>
<doc>Calls the named method of the given object with the provided arguments.</doc>
<status status="PASS" start="2025-08-07T11:42:43.642823" elapsed="0.000000"/>
</kw>
<kw name="Create Webdriver" owner="SeleniumLibrary">
<msg time="2025-08-07T11:42:43.642823" level="INFO">Creating an instance of the Chrome WebDriver.</msg>
<arg>Chrome</arg>
<arg>options=${options}</arg>
<doc>Creates an instance of Selenium WebDriver.</doc>
<status status="PASS" start="2025-08-07T11:42:43.642823" elapsed="1.866188"/>
</kw>
<kw name="Go To" owner="SeleniumLibrary">
<msg time="2025-08-07T11:42:45.510010" level="INFO">Opening url 'http://localhost:3000'</msg>
<arg>${URL}</arg>
<doc>Navigates the current browser window to the provided ``url``.</doc>
<status status="PASS" start="2025-08-07T11:42:45.510010" elapsed="1.282485"/>
</kw>
<kw name="Maximize Browser Window" owner="SeleniumLibrary">
<doc>Maximizes current browser window.</doc>
<status status="PASS" start="2025-08-07T11:42:46.792495" elapsed="0.364278"/>
</kw>
<status status="PASS" start="2025-08-07T11:42:43.640335" elapsed="3.516438"/>
</kw>
<kw name="Login With Valid Credentials" owner="userLoginResource">
<kw name="Input Text" owner="SeleniumLibrary">
<msg time="2025-08-07T11:42:47.157768" level="INFO">Typing text 'DLSU admin' into text field 'css:input[placeholder="Username"]'.</msg>
<arg>css:input[placeholder="Username"]</arg>
<arg>${VALID_USERNAME}</arg>
<doc>Types the given ``text`` into the text field identified by ``locator``.</doc>
<status status="PASS" start="2025-08-07T11:42:47.157768" elapsed="0.254509"/>
</kw>
<kw name="Input Text" owner="SeleniumLibrary">
<msg time="2025-08-07T11:42:47.413283" level="INFO">Typing text '123' into text field 'css:input[placeholder="Password"]'.</msg>
<arg>css:input[placeholder="Password"]</arg>
<arg>${VALID_PASSWORD}</arg>
<doc>Types the given ``text`` into the text field identified by ``locator``.</doc>
<status status="PASS" start="2025-08-07T11:42:47.412277" elapsed="0.184136"/>
</kw>
<kw name="Click Button" owner="SeleniumLibrary">
<msg time="2025-08-07T11:42:47.596413" level="INFO">Clicking button 'id:login-button'.</msg>
<arg>id:login-button</arg>
<doc>Clicks the button identified by ``locator``.</doc>
<status status="PASS" start="2025-08-07T11:42:47.596413" elapsed="0.178720"/>
</kw>
<status status="PASS" start="2025-08-07T11:42:47.156773" elapsed="0.618360"/>
</kw>
<kw name="Should Be Redirected To Main Menu" owner="userLoginResource">
<kw name="Wait Until Location Contains" owner="SeleniumLibrary">
<arg>/MainMenu</arg>
<doc>Waits until the current URL contains ``expected``.</doc>
<status status="PASS" start="2025-08-07T11:42:47.776117" elapsed="0.230649"/>
</kw>
<status status="PASS" start="2025-08-07T11:42:47.776117" elapsed="0.231649"/>
</kw>
<kw name="Navigate To Calculate Payroll Page" owner="calculatePayrollResource">
<kw name="Click Element" owner="SeleniumLibrary">
<msg time="2025-08-07T11:42:48.008765" level="INFO">Clicking element 'id:calculate-payroll-button'.</msg>
<arg>id:calculate-payroll-button</arg>
<doc>Click the element identified by ``locator``.</doc>
<status status="PASS" start="2025-08-07T11:42:48.008765" elapsed="0.228847"/>
</kw>
<status status="PASS" start="2025-08-07T11:42:48.007766" elapsed="0.229846"/>
</kw>
<kw name="Query with valid input" owner="calculatePayrollResource">
<kw name="Input Text" owner="SeleniumLibrary">
<msg time="2025-08-07T11:42:48.238614" level="INFO">Typing text '111' into text field 'id:id-field'.</msg>
<arg>id:id-field</arg>
<arg>${EMPLOYEE-1}</arg>
<doc>Types the given ``text`` into the text field identified by ``locator``.</doc>
<status status="PASS" start="2025-08-07T11:42:48.238614" elapsed="0.156915"/>
</kw>
<kw name="Click Button" owner="SeleniumLibrary">
<msg time="2025-08-07T11:42:48.395529" level="INFO">Clicking button 'id:search-by-id-button'.</msg>
<arg>id:search-by-id-button</arg>
<doc>Clicks the button identified by ``locator``.</doc>
<status status="PASS" start="2025-08-07T11:42:48.395529" elapsed="0.119375"/>
</kw>
<kw name="Wait Until Page Contains" owner="SeleniumLibrary">
<arg>jdoe@gmail.com</arg>
<doc>Waits until ``text`` appears on the current page.</doc>
<status status="PASS" start="2025-08-07T11:42:48.515908" elapsed="0.013173"/>
</kw>
<kw name="Input Text" owner="SeleniumLibrary">
<msg time="2025-08-07T11:42:48.529081" level="INFO">Typing text 'Iker' into text field 'id:fname-field'.</msg>
<arg>id:fname-field</arg>
<arg>${EMPLOYEE-2}</arg>
<doc>Types the given ``text`` into the text field identified by ``locator``.</doc>
<status status="PASS" start="2025-08-07T11:42:48.529081" elapsed="0.134750"/>
</kw>
<kw name="Click Button" owner="SeleniumLibrary">
<msg time="2025-08-07T11:42:48.664829" level="INFO">Clicking button 'id:search-by-fname-button'.</msg>
<arg>id:search-by-fname-button</arg>
<doc>Clicks the button identified by ``locator``.</doc>
<status status="PASS" start="2025-08-07T11:42:48.663831" elapsed="0.134824"/>
</kw>
<kw name="Wait Until Page Contains" owner="SeleniumLibrary">
<arg>iventura@gmail.com</arg>
<doc>Waits until ``text`` appears on the current page.</doc>
<status status="PASS" start="2025-08-07T11:42:48.798655" elapsed="0.015552"/>
</kw>
<kw name="Input Text" owner="SeleniumLibrary">
<msg time="2025-08-07T11:42:48.815254" level="INFO">Typing text 'Scott' into text field 'id:lname-field'.</msg>
<arg>id:lname-field</arg>
<arg>${EMPLOYEE-3}</arg>
<doc>Types the given ``text`` into the text field identified by ``locator``.</doc>
<status status="PASS" start="2025-08-07T11:42:48.814207" elapsed="0.138003"/>
</kw>
<kw name="Click Button" owner="SeleniumLibrary">
<msg time="2025-08-07T11:42:48.953259" level="INFO">Clicking button 'id:search-by-lname-button'.</msg>
<arg>id:search-by-lname-button</arg>
<doc>Clicks the button identified by ``locator``.</doc>
<status status="PASS" start="2025-08-07T11:42:48.953259" elapsed="0.123455"/>
</kw>
<kw name="Wait Until Page Contains" owner="SeleniumLibrary">
<arg>zscott@gmail.com</arg>
<doc>Waits until ``text`` appears on the current page.</doc>
<status status="PASS" start="2025-08-07T11:42:49.076714" elapsed="0.016254"/>
</kw>
<status status="PASS" start="2025-08-07T11:42:48.237612" elapsed="0.856384"/>
</kw>
<kw name="Close Browser" owner="SeleniumLibrary" type="TEARDOWN">
<doc>Closes the current browser.</doc>
<status status="PASS" start="2025-08-07T11:42:49.093996" elapsed="2.371955"/>
</kw>
<status status="PASS" start="2025-08-07T11:42:43.639339" elapsed="7.826612"/>
</test>
<test id="s1-s3-t2" name="AT-07: Set Default Rate With Floating Point Value" line="16">
<kw name="Open Login Page" owner="userLoginResource">
<kw name="Evaluate" owner="BuiltIn">
<msg time="2025-08-07T11:42:51.468957" level="INFO">${options} = &lt;selenium.webdriver.chrome.options.Options object at 0x0000013D821856D0&gt;</msg>
<var>${options}</var>
<arg>sys.modules['selenium.webdriver'].ChromeOptions()</arg>
<arg>sys, selenium.webdriver</arg>
<doc>Evaluates the given expression in Python and returns the result.</doc>
<status status="PASS" start="2025-08-07T11:42:51.468957" elapsed="0.000994"/>
</kw>
<kw name="Call Method" owner="BuiltIn">
<arg>${options}</arg>
<arg>add_argument</arg>
<arg>--headless</arg>
<doc>Calls the named method of the given object with the provided arguments.</doc>
<status status="PASS" start="2025-08-07T11:42:51.469951" elapsed="0.000000"/>
</kw>
<kw name="Call Method" owner="BuiltIn">
<arg>${options}</arg>
<arg>add_argument</arg>
<arg>--no-sandbox</arg>
<doc>Calls the named method of the given object with the provided arguments.</doc>
<status status="PASS" start="2025-08-07T11:42:51.469951" elapsed="0.000000"/>
</kw>
<kw name="Call Method" owner="BuiltIn">
<arg>${options}</arg>
<arg>add_argument</arg>
<arg>--disable-dev-shm-usage</arg>
<doc>Calls the named method of the given object with the provided arguments.</doc>
<status status="PASS" start="2025-08-07T11:42:51.470953" elapsed="0.000000"/>
</kw>
<kw name="Call Method" owner="BuiltIn">
<arg>${options}</arg>
<arg>add_argument</arg>
<arg>--disable-gpu</arg>
<doc>Calls the named method of the given object with the provided arguments.</doc>
<status status="PASS" start="2025-08-07T11:42:51.470953" elapsed="0.000000"/>
</kw>
<kw name="Create Webdriver" owner="SeleniumLibrary">
<msg time="2025-08-07T11:42:51.472270" level="INFO">Creating an instance of the Chrome WebDriver.</msg>
<arg>Chrome</arg>
<arg>options=${options}</arg>
<doc>Creates an instance of Selenium WebDriver.</doc>
<status status="PASS" start="2025-08-07T11:42:51.470953" elapsed="1.635336"/>
</kw>
<kw name="Go To" owner="SeleniumLibrary">
<msg time="2025-08-07T11:42:53.107317" level="INFO">Opening url 'http://localhost:3000'</msg>
<arg>${URL}</arg>
<doc>Navigates the current browser window to the provided ``url``.</doc>
<status status="PASS" start="2025-08-07T11:42:53.106289" elapsed="1.055992"/>
</kw>
<kw name="Maximize Browser Window" owner="SeleniumLibrary">
<doc>Maximizes current browser window.</doc>
<status status="PASS" start="2025-08-07T11:42:54.163279" elapsed="0.030151"/>
</kw>
<status status="PASS" start="2025-08-07T11:42:51.468957" elapsed="2.724473"/>
</kw>
<kw name="Login With Valid Credentials" owner="userLoginResource">
<kw name="Input Text" owner="SeleniumLibrary">
<msg time="2025-08-07T11:42:54.194432" level="INFO">Typing text 'DLSU admin' into text field 'css:input[placeholder="Username"]'.</msg>
<arg>css:input[placeholder="Username"]</arg>
<arg>${VALID_USERNAME}</arg>
<doc>Types the given ``text`` into the text field identified by ``locator``.</doc>
<status status="PASS" start="2025-08-07T11:42:54.194432" elapsed="0.194782"/>
</kw>
<kw name="Input Text" owner="SeleniumLibrary">
<msg time="2025-08-07T11:42:54.389214" level="INFO">Typing text '123' into text field 'css:input[placeholder="Password"]'.</msg>
<arg>css:input[placeholder="Password"]</arg>
<arg>${VALID_PASSWORD}</arg>
<doc>Types the given ``text`` into the text field identified by ``locator``.</doc>
<status status="PASS" start="2025-08-07T11:42:54.389214" elapsed="0.159391"/>
</kw>
<kw name="Click Button" owner="SeleniumLibrary">
<msg time="2025-08-07T11:42:54.549637" level="INFO">Clicking button 'id:login-button'.</msg>
<arg>id:login-button</arg>
<doc>Clicks the button identified by ``locator``.</doc>
<status status="PASS" start="2025-08-07T11:42:54.549637" elapsed="0.164721"/>
</kw>
<status status="PASS" start="2025-08-07T11:42:54.193430" elapsed="0.520928"/>
</kw>
<kw name="Should Be Redirected To Main Menu" owner="userLoginResource">
<kw name="Wait Until Location Contains" owner="SeleniumLibrary">
<arg>/MainMenu</arg>
<doc>Waits until the current URL contains ``expected``.</doc>
<status status="PASS" start="2025-08-07T11:42:54.715357" elapsed="0.230046"/>
</kw>
<status status="PASS" start="2025-08-07T11:42:54.715357" elapsed="0.230046"/>
</kw>
<kw name="Navigate To Calculate Payroll Page" owner="calculatePayrollResource">
<kw name="Click Element" owner="SeleniumLibrary">
<msg time="2025-08-07T11:42:54.947400" level="INFO">Clicking element 'id:calculate-payroll-button'.</msg>
<arg>id:calculate-payroll-button</arg>
<doc>Click the element identified by ``locator``.</doc>
<status status="PASS" start="2025-08-07T11:42:54.946402" elapsed="0.185801"/>
</kw>
<status status="PASS" start="2025-08-07T11:42:54.946402" elapsed="0.185801"/>
</kw>
<kw name="Query with invalid input" owner="calculatePayrollResource">
<kw name="Input Text" owner="SeleniumLibrary">
<msg time="2025-08-07T11:42:55.134235" level="INFO">Typing text '-111' into text field 'id:id-field'.</msg>
<arg>id:id-field</arg>
<arg>${INVALID-1}</arg>
<doc>Types the given ``text`` into the text field identified by ``locator``.</doc>
<status status="PASS" start="2025-08-07T11:42:55.134235" elapsed="0.172112"/>
</kw>
<kw name="Click Button" owner="SeleniumLibrary">
<msg time="2025-08-07T11:42:55.306347" level="INFO">Clicking button 'id:search-by-id-button'.</msg>
<arg>id:search-by-id-button</arg>
<doc>Clicks the button identified by ``locator``.</doc>
<status status="PASS" start="2025-08-07T11:42:55.306347" elapsed="0.123335"/>
</kw>
<kw name="Wait Until Page Contains" owner="SeleniumLibrary">
<arg>No results found for the search criteria</arg>
<doc>Waits until ``text`` appears on the current page.</doc>
<status status="PASS" start="2025-08-07T11:42:55.431192" elapsed="0.015487"/>
</kw>
<kw name="Input Text" owner="SeleniumLibrary">
<msg time="2025-08-07T11:42:55.447696" level="INFO">Typing text 'asdadasdada' into text field 'id:fname-field'.</msg>
<arg>id:fname-field</arg>
<arg>${INVALID-2}</arg>
<doc>Types the given ``text`` into the text field identified by ``locator``.</doc>
<status status="PASS" start="2025-08-07T11:42:55.446679" elapsed="0.162863"/>
</kw>
<kw name="Click Button" owner="SeleniumLibrary">
<msg time="2025-08-07T11:42:55.609542" level="INFO">Clicking button 'id:search-by-fname-button'.</msg>
<arg>id:search-by-fname-button</arg>
<doc>Clicks the button identified by ``locator``.</doc>
<status status="PASS" start="2025-08-07T11:42:55.609542" elapsed="0.127579"/>
</kw>
<kw name="Wait Until Page Contains" owner="SeleniumLibrary">
<arg>No results found for the search criteria</arg>
<doc>Waits until ``text`` appears on the current page.</doc>
<status status="PASS" start="2025-08-07T11:42:55.737121" elapsed="0.010564"/>
</kw>
<kw name="Input Text" owner="SeleniumLibrary">
<msg time="2025-08-07T11:42:55.748719" level="INFO">Typing text 'qwdxcqwsdas' into text field 'id:lname-field'.</msg>
<arg>id:lname-field</arg>
<arg>${INVALID-3}</arg>
<doc>Types the given ``text`` into the text field identified by ``locator``.</doc>
<status status="PASS" start="2025-08-07T11:42:55.747685" elapsed="0.170869"/>
</kw>
<kw name="Click Button" owner="SeleniumLibrary">
<msg time="2025-08-07T11:42:55.919588" level="INFO">Clicking button 'id:search-by-lname-button'.</msg>
<arg>id:search-by-lname-button</arg>
<doc>Clicks the button identified by ``locator``.</doc>
<status status="PASS" start="2025-08-07T11:42:55.918554" elapsed="0.126886"/>
</kw>
<kw name="Wait Until Page Contains" owner="SeleniumLibrary">
<arg>No results found for the search criteria</arg>
<doc>Waits until ``text`` appears on the current page.</doc>
<status status="PASS" start="2025-08-07T11:42:56.045440" elapsed="0.010904"/>
</kw>
<doc>The inputs for text fields are not necessarily invalid but should be non-existent; it should simply show that they fail safely</doc>
<status status="PASS" start="2025-08-07T11:42:55.133257" elapsed="0.923087"/>
</kw>
<kw name="Close Browser" owner="SeleniumLibrary" type="TEARDOWN">
<doc>Closes the current browser.</doc>
<status status="PASS" start="2025-08-07T11:42:56.056881" elapsed="2.359534"/>
</kw>
<status status="PASS" start="2025-08-07T11:42:51.467960" elapsed="6.949335"/>
</test>
<doc>Test cases for Calculate Payroll</doc>
<status status="PASS" start="2025-08-07T11:42:43.630911" elapsed="14.787373"/>
</suite>
<suite id="s1-s4" name="04 viewPayrollHistory" source="D:\Desktop\Programming\STSWENG\Project\Entom-System\React\src\selenium\04_viewPayrollHistory.robot">
<test id="s1-s4-t1" name="AT-08: User input query is composed of valid values" line="8">
<kw name="Open Login Page" owner="userLoginResource">
<kw name="Evaluate" owner="BuiltIn">
<msg time="2025-08-07T11:42:58.432145" level="INFO">${options} = &lt;selenium.webdriver.chrome.options.Options object at 0x0000013D82187260&gt;</msg>
<var>${options}</var>
<arg>sys.modules['selenium.webdriver'].ChromeOptions()</arg>
<arg>sys, selenium.webdriver</arg>
<doc>Evaluates the given expression in Python and returns the result.</doc>
<status status="PASS" start="2025-08-07T11:42:58.432145" elapsed="0.000000"/>
</kw>
<kw name="Call Method" owner="BuiltIn">
<arg>${options}</arg>
<arg>add_argument</arg>
<arg>--headless</arg>
<doc>Calls the named method of the given object with the provided arguments.</doc>
<status status="PASS" start="2025-08-07T11:42:58.433143" elapsed="0.000000"/>
</kw>
<kw name="Call Method" owner="BuiltIn">
<arg>${options}</arg>
<arg>add_argument</arg>
<arg>--no-sandbox</arg>
<doc>Calls the named method of the given object with the provided arguments.</doc>
<status status="PASS" start="2025-08-07T11:42:58.433143" elapsed="0.001005"/>
</kw>
<kw name="Call Method" owner="BuiltIn">
<arg>${options}</arg>
<arg>add_argument</arg>
<arg>--disable-dev-shm-usage</arg>
<doc>Calls the named method of the given object with the provided arguments.</doc>
<status status="PASS" start="2025-08-07T11:42:58.434148" elapsed="0.000000"/>
</kw>
<kw name="Call Method" owner="BuiltIn">
<arg>${options}</arg>
<arg>add_argument</arg>
<arg>--disable-gpu</arg>
<doc>Calls the named method of the given object with the provided arguments.</doc>
<status status="PASS" start="2025-08-07T11:42:58.434148" elapsed="0.000000"/>
</kw>
<kw name="Create Webdriver" owner="SeleniumLibrary">
<msg time="2025-08-07T11:42:58.434148" level="INFO">Creating an instance of the Chrome WebDriver.</msg>
<arg>Chrome</arg>
<arg>options=${options}</arg>
<doc>Creates an instance of Selenium WebDriver.</doc>
<status status="PASS" start="2025-08-07T11:42:58.434148" elapsed="1.624189"/>
</kw>
<kw name="Go To" owner="SeleniumLibrary">
<msg time="2025-08-07T11:43:00.059340" level="INFO">Opening url 'http://localhost:3000'</msg>
<arg>${URL}</arg>
<doc>Navigates the current browser window to the provided ``url``.</doc>
<status status="PASS" start="2025-08-07T11:43:00.058337" elapsed="1.333310"/>
</kw>
<kw name="Maximize Browser Window" owner="SeleniumLibrary">
<doc>Maximizes current browser window.</doc>
<status status="PASS" start="2025-08-07T11:43:01.391647" elapsed="0.397693"/>
</kw>
<status status="PASS" start="2025-08-07T11:42:58.431134" elapsed="3.358206"/>
</kw>
<kw name="Login With Valid Credentials" owner="userLoginResource">
<kw name="Input Text" owner="SeleniumLibrary">
<msg time="2025-08-07T11:43:01.791862" level="INFO">Typing text 'DLSU admin' into text field 'css:input[placeholder="Username"]'.</msg>
<arg>css:input[placeholder="Username"]</arg>
<arg>${VALID_USERNAME}</arg>
<doc>Types the given ``text`` into the text field identified by ``locator``.</doc>
<status status="PASS" start="2025-08-07T11:43:01.790853" elapsed="0.328419"/>
</kw>
<kw name="Input Text" owner="SeleniumLibrary">
<msg time="2025-08-07T11:43:02.120271" level="INFO">Typing text '123' into text field 'css:input[placeholder="Password"]'.</msg>
<arg>css:input[placeholder="Password"]</arg>
<arg>${VALID_PASSWORD}</arg>
<doc>Types the given ``text`` into the text field identified by ``locator``.</doc>
<status status="PASS" start="2025-08-07T11:43:02.119272" elapsed="0.597573"/>
</kw>
<kw name="Click Button" owner="SeleniumLibrary">
<msg time="2025-08-07T11:43:02.718840" level="INFO">Clicking button 'id:login-button'.</msg>
<arg>id:login-button</arg>
<doc>Clicks the button identified by ``locator``.</doc>
<status status="PASS" start="2025-08-07T11:43:02.717834" elapsed="0.347740"/>
</kw>
<status status="PASS" start="2025-08-07T11:43:01.789340" elapsed="1.276234"/>
</kw>
<kw name="Should Be Redirected To Main Menu" owner="userLoginResource">
<kw name="Wait Until Location Contains" owner="SeleniumLibrary">
<arg>/MainMenu</arg>
<doc>Waits until the current URL contains ``expected``.</doc>
<status status="PASS" start="2025-08-07T11:43:03.067565" elapsed="0.483273"/>
</kw>
<status status="PASS" start="2025-08-07T11:43:03.066566" elapsed="0.484272"/>
</kw>
<kw name="Navigate To View Payroll Page" owner="viewPayrollHistoryResource">
<kw name="Click Element" owner="SeleniumLibrary">
<msg time="2025-08-07T11:43:03.552865" level="INFO">Clicking element 'id:view-payroll-button'.</msg>
<arg>id:view-payroll-button</arg>
<doc>Click the element identified by ``locator``.</doc>
<status status="PASS" start="2025-08-07T11:43:03.552865" elapsed="0.096938"/>
</kw>
<status status="PASS" start="2025-08-07T11:43:03.551850" elapsed="0.098951"/>
</kw>
<kw name="Query with valid input" owner="viewPayrollHistoryResource">
<kw name="Input Text" owner="SeleniumLibrary">
<msg time="2025-08-07T11:43:03.652012" level="INFO">Typing text '111' into text field 'id:id-field'.</msg>
<arg>id:id-field</arg>
<arg>${EMPLOYEE-1}</arg>
<doc>Types the given ``text`` into the text field identified by ``locator``.</doc>
<status status="PASS" start="2025-08-07T11:43:03.650801" elapsed="0.186999"/>
</kw>
<kw name="Click Button" owner="SeleniumLibrary">
<msg time="2025-08-07T11:43:03.837800" level="INFO">Clicking button 'id:search-by-id-button'.</msg>
<arg>id:search-by-id-button</arg>
<doc>Clicks the button identified by ``locator``.</doc>
<status status="PASS" start="2025-08-07T11:43:03.837800" elapsed="0.121260"/>
</kw>
<kw name="Wait Until Page Contains" owner="SeleniumLibrary">
<arg>jdoe@gmail.com</arg>
<doc>Waits until ``text`` appears on the current page.</doc>
<status status="PASS" start="2025-08-07T11:43:03.960083" elapsed="0.015050"/>
</kw>
<kw name="Input Text" owner="SeleniumLibrary">
<msg time="2025-08-07T11:43:03.975133" level="INFO">Typing text 'Iker' into text field 'id:fname-field'.</msg>
<arg>id:fname-field</arg>
<arg>${EMPLOYEE-2}</arg>
<doc>Types the given ``text`` into the text field identified by ``locator``.</doc>
<status status="PASS" start="2025-08-07T11:43:03.975133" elapsed="0.137120"/>
</kw>
<kw name="Click Button" owner="SeleniumLibrary">
<msg time="2025-08-07T11:43:04.113288" level="INFO">Clicking button 'id:search-by-fname-button'.</msg>
<arg>id:search-by-fname-button</arg>
<doc>Clicks the button identified by ``locator``.</doc>
<status status="PASS" start="2025-08-07T11:43:04.112253" elapsed="0.185587"/>
</kw>
<kw name="Wait Until Page Contains" owner="SeleniumLibrary">
<arg>iventura@gmail.com</arg>
<doc>Waits until ``text`` appears on the current page.</doc>
<status status="PASS" start="2025-08-07T11:43:04.298836" elapsed="0.030087"/>
</kw>
<kw name="Input Text" owner="SeleniumLibrary">
<msg time="2025-08-07T11:43:04.330966" level="INFO">Typing text 'Scott' into text field 'id:lname-field'.</msg>
<arg>id:lname-field</arg>
<arg>${EMPLOYEE-3}</arg>
<doc>Types the given ``text`` into the text field identified by ``locator``.</doc>
<status status="PASS" start="2025-08-07T11:43:04.329917" elapsed="0.133459"/>
</kw>
<kw name="Click Button" owner="SeleniumLibrary">
<msg time="2025-08-07T11:43:04.463376" level="INFO">Clicking button 'id:search-by-lname-button'.</msg>
<arg>id:search-by-lname-button</arg>
<doc>Clicks the button identified by ``locator``.</doc>
<status status="PASS" start="2025-08-07T11:43:04.463376" elapsed="0.128061"/>
</kw>
<kw name="Wait Until Page Contains" owner="SeleniumLibrary">
<arg>zscott@gmail.com</arg>
<doc>Waits until ``text`` appears on the current page.</doc>
<status status="PASS" start="2025-08-07T11:43:04.592434" elapsed="0.013840"/>
</kw>
<status status="PASS" start="2025-08-07T11:43:03.650801" elapsed="0.955473"/>
</kw>
<kw name="Close Browser" owner="SeleniumLibrary" type="TEARDOWN">
<doc>Closes the current browser.</doc>
<status status="PASS" start="2025-08-07T11:43:04.607280" elapsed="2.504795"/>
</kw>
<status status="PASS" start="2025-08-07T11:42:58.429627" elapsed="8.683447"/>
</test>
<test id="s1-s4-t2" name="AT-09: User input query is composed of invalid values" line="16">
<kw name="Open Login Page" owner="userLoginResource">
<kw name="Evaluate" owner="BuiltIn">
<msg time="2025-08-07T11:43:07.119100" level="INFO">${options} = &lt;selenium.webdriver.chrome.options.Options object at 0x0000013D8219C890&gt;</msg>
<var>${options}</var>
<arg>sys.modules['selenium.webdriver'].ChromeOptions()</arg>
<arg>sys, selenium.webdriver</arg>
<doc>Evaluates the given expression in Python and returns the result.</doc>
<status status="PASS" start="2025-08-07T11:43:07.118071" elapsed="0.001029"/>
</kw>
<kw name="Call Method" owner="BuiltIn">
<arg>${options}</arg>
<arg>add_argument</arg>
<arg>--headless</arg>
<doc>Calls the named method of the given object with the provided arguments.</doc>
<status status="PASS" start="2025-08-07T11:43:07.119100" elapsed="0.000000"/>
</kw>
<kw name="Call Method" owner="BuiltIn">
<arg>${options}</arg>
<arg>add_argument</arg>
<arg>--no-sandbox</arg>
<doc>Calls the named method of the given object with the provided arguments.</doc>
<status status="PASS" start="2025-08-07T11:43:07.119100" elapsed="0.000972"/>
</kw>
<kw name="Call Method" owner="BuiltIn">
<arg>${options}</arg>
<arg>add_argument</arg>
<arg>--disable-dev-shm-usage</arg>
<doc>Calls the named method of the given object with the provided arguments.</doc>
<status status="PASS" start="2025-08-07T11:43:07.120072" elapsed="0.000000"/>
</kw>
<kw name="Call Method" owner="BuiltIn">
<arg>${options}</arg>
<arg>add_argument</arg>
<arg>--disable-gpu</arg>
<doc>Calls the named method of the given object with the provided arguments.</doc>
<status status="PASS" start="2025-08-07T11:43:07.120072" elapsed="0.000000"/>
</kw>
<kw name="Create Webdriver" owner="SeleniumLibrary">
<msg time="2025-08-07T11:43:07.121090" level="INFO">Creating an instance of the Chrome WebDriver.</msg>
<arg>Chrome</arg>
<arg>options=${options}</arg>
<doc>Creates an instance of Selenium WebDriver.</doc>
<status status="PASS" start="2025-08-07T11:43:07.121090" elapsed="1.787247"/>
</kw>
<kw name="Go To" owner="SeleniumLibrary">
<msg time="2025-08-07T11:43:08.908337" level="INFO">Opening url 'http://localhost:3000'</msg>
<arg>${URL}</arg>
<doc>Navigates the current browser window to the provided ``url``.</doc>
<status status="PASS" start="2025-08-07T11:43:08.908337" elapsed="1.540212"/>
</kw>
<kw name="Maximize Browser Window" owner="SeleniumLibrary">
<doc>Maximizes current browser window.</doc>
<status status="PASS" start="2025-08-07T11:43:10.448549" elapsed="0.052534"/>
</kw>
<status status="PASS" start="2025-08-07T11:43:07.118071" elapsed="3.383012"/>
</kw>
<kw name="Login With Valid Credentials" owner="userLoginResource">
<kw name="Input Text" owner="SeleniumLibrary">
<msg time="2025-08-07T11:43:10.502822" level="INFO">Typing text 'DLSU admin' into text field 'css:input[placeholder="Username"]'.</msg>
<arg>css:input[placeholder="Username"]</arg>
<arg>${VALID_USERNAME}</arg>
<doc>Types the given ``text`` into the text field identified by ``locator``.</doc>
<status status="PASS" start="2025-08-07T11:43:10.501606" elapsed="0.711597"/>
</kw>
<kw name="Input Text" owner="SeleniumLibrary">
<msg time="2025-08-07T11:43:11.214210" level="INFO">Typing text '123' into text field 'css:input[placeholder="Password"]'.</msg>
<arg>css:input[placeholder="Password"]</arg>
<arg>${VALID_PASSWORD}</arg>
<doc>Types the given ``text`` into the text field identified by ``locator``.</doc>
<status status="PASS" start="2025-08-07T11:43:11.214210" elapsed="0.174958"/>
</kw>
<kw name="Click Button" owner="SeleniumLibrary">
<msg time="2025-08-07T11:43:11.390164" level="INFO">Clicking button 'id:login-button'.</msg>
<arg>id:login-button</arg>
<doc>Clicks the button identified by ``locator``.</doc>
<status status="PASS" start="2025-08-07T11:43:11.389168" elapsed="0.194659"/>
</kw>
<status status="PASS" start="2025-08-07T11:43:10.501606" elapsed="1.082221"/>
</kw>
<kw name="Should Be Redirected To Main Menu" owner="userLoginResource">
<kw name="Wait Until Location Contains" owner="SeleniumLibrary">
<arg>/MainMenu</arg>
<doc>Waits until the current URL contains ``expected``.</doc>
<status status="PASS" start="2025-08-07T11:43:11.585823" elapsed="0.284169"/>
</kw>
<status status="PASS" start="2025-08-07T11:43:11.584831" elapsed="0.286157"/>
</kw>
<kw name="Navigate To View Payroll Page" owner="viewPayrollHistoryResource">
<kw name="Click Element" owner="SeleniumLibrary">
<msg time="2025-08-07T11:43:11.872505" level="INFO">Clicking element 'id:view-payroll-button'.</msg>
<arg>id:view-payroll-button</arg>
<doc>Click the element identified by ``locator``.</doc>
<status status="PASS" start="2025-08-07T11:43:11.872505" elapsed="0.332491"/>
</kw>
<status status="PASS" start="2025-08-07T11:43:11.871496" elapsed="0.333500"/>
</kw>
<kw name="Query with invalid input" owner="viewPayrollHistoryResource">
<kw name="Input Text" owner="SeleniumLibrary">
<msg time="2025-08-07T11:43:12.207513" level="INFO">Typing text '-111' into text field 'id:id-field'.</msg>
<arg>id:id-field</arg>
<arg>${INVALID-1}</arg>
<doc>Types the given ``text`` into the text field identified by ``locator``.</doc>
<status status="PASS" start="2025-08-07T11:43:12.206520" elapsed="0.336280"/>
</kw>
<kw name="Click Button" owner="SeleniumLibrary">
<msg time="2025-08-07T11:43:12.542800" level="INFO">Clicking button 'id:search-by-id-button'.</msg>
<arg>id:search-by-id-button</arg>
<doc>Clicks the button identified by ``locator``.</doc>
<status status="PASS" start="2025-08-07T11:43:12.542800" elapsed="0.159502"/>
</kw>
<kw name="Wait Until Page Contains" owner="SeleniumLibrary">
<arg>No results found for the search criteria</arg>
<doc>Waits until ``text`` appears on the current page.</doc>
<status status="PASS" start="2025-08-07T11:43:12.702302" elapsed="0.023046"/>
</kw>
<kw name="Input Text" owner="SeleniumLibrary">
<msg time="2025-08-07T11:43:12.727355" level="INFO">Typing text 'asdadasdada' into text field 'id:fname-field'.</msg>
<arg>id:fname-field</arg>
<arg>${INVALID-2}</arg>
<doc>Types the given ``text`` into the text field identified by ``locator``.</doc>
<status status="PASS" start="2025-08-07T11:43:12.725348" elapsed="0.237568"/>
</kw>
<kw name="Click Button" owner="SeleniumLibrary">
<msg time="2025-08-07T11:43:12.963922" level="INFO">Clicking button 'id:search-by-fname-button'.</msg>
<arg>id:search-by-fname-button</arg>
<doc>Clicks the button identified by ``locator``.</doc>
<status status="PASS" start="2025-08-07T11:43:12.963922" elapsed="0.124220"/>
</kw>
<kw name="Wait Until Page Contains" owner="SeleniumLibrary">
<arg>No results found for the search criteria</arg>
<doc>Waits until ``text`` appears on the current page.</doc>
<status status="PASS" start="2025-08-07T11:43:13.089141" elapsed="0.013725"/>
</kw>
<kw name="Input Text" owner="SeleniumLibrary">
<msg time="2025-08-07T11:43:13.103898" level="INFO">Typing text 'qwdxcqwsdas' into text field 'id:lname-field'.</msg>
<arg>id:lname-field</arg>
<arg>${INVALID-3}</arg>
<doc>Types the given ``text`` into the text field identified by ``locator``.</doc>
<status status="PASS" start="2025-08-07T11:43:13.103898" elapsed="0.185417"/>
</kw>
<kw name="Click Button" owner="SeleniumLibrary">
<msg time="2025-08-07T11:43:13.289315" level="INFO">Clicking button 'id:search-by-lname-button'.</msg>
<arg>id:search-by-lname-button</arg>
<doc>Clicks the button identified by ``locator``.</doc>
<status status="PASS" start="2025-08-07T11:43:13.289315" elapsed="0.138500"/>
</kw>
<kw name="Wait Until Page Contains" owner="SeleniumLibrary">
<arg>No results found for the search criteria</arg>
<doc>Waits until ``text`` appears on the current page.</doc>
<status status="PASS" start="2025-08-07T11:43:13.428814" elapsed="0.013578"/>
</kw>
<doc>The inputs for text fields are not necessarily invalid but should be non-existent; it should simply show that they fail safely</doc>
<status status="PASS" start="2025-08-07T11:43:12.205504" elapsed="1.236888"/>
</kw>
<kw name="Close Browser" owner="SeleniumLibrary" type="TEARDOWN">
<doc>Closes the current browser.</doc>
<status status="PASS" start="2025-08-07T11:43:13.443405" elapsed="2.416214"/>
</kw>
<status status="PASS" start="2025-08-07T11:43:07.116071" elapsed="8.745067"/>
</test>
<doc>Test cases for View Payroll</doc>
<status status="PASS" start="2025-08-07T11:42:58.420282" elapsed="17.442871"/>
</suite>
<suite id="s1-s5" name="05 addEmployee" source="D:\Desktop\Programming\STSWENG\Project\Entom-System\React\src\selenium\05_addEmployee.robot">
<test id="s1-s5-t1" name="AT-10: User input query is composed of valid values" line="8">
<kw name="Open Login Page" owner="userLoginResource">
<kw name="Evaluate" owner="BuiltIn">
<msg time="2025-08-07T11:43:15.902378" level="INFO">${options} = &lt;selenium.webdriver.chrome.options.Options object at 0x0000013D82173410&gt;</msg>
<var>${options}</var>
<arg>sys.modules['selenium.webdriver'].ChromeOptions()</arg>
<arg>sys, selenium.webdriver</arg>
<doc>Evaluates the given expression in Python and returns the result.</doc>
<status status="PASS" start="2025-08-07T11:43:15.901368" elapsed="0.001010"/>
</kw>
<kw name="Call Method" owner="BuiltIn">
<arg>${options}</arg>
<arg>add_argument</arg>
<arg>--headless</arg>
<doc>Calls the named method of the given object with the provided arguments.</doc>
<status status="PASS" start="2025-08-07T11:43:15.902378" elapsed="0.000000"/>
</kw>
<kw name="Call Method" owner="BuiltIn">
<arg>${options}</arg>
<arg>add_argument</arg>
<arg>--no-sandbox</arg>
<doc>Calls the named method of the given object with the provided arguments.</doc>
<status status="PASS" start="2025-08-07T11:43:15.902378" elapsed="0.000000"/>
</kw>
<kw name="Call Method" owner="BuiltIn">
<arg>${options}</arg>
<arg>add_argument</arg>
<arg>--disable-dev-shm-usage</arg>
<doc>Calls the named method of the given object with the provided arguments.</doc>
<status status="PASS" start="2025-08-07T11:43:15.902378" elapsed="0.001549"/>
</kw>
<kw name="Call Method" owner="BuiltIn">
<arg>${options}</arg>
<arg>add_argument</arg>
<arg>--disable-gpu</arg>
<doc>Calls the named method of the given object with the provided arguments.</doc>
<status status="PASS" start="2025-08-07T11:43:15.903927" elapsed="0.000000"/>
</kw>
<kw name="Create Webdriver" owner="SeleniumLibrary">
<msg time="2025-08-07T11:43:15.904434" level="INFO">Creating an instance of the Chrome WebDriver.</msg>
<arg>Chrome</arg>
<arg>options=${options}</arg>
<doc>Creates an instance of Selenium WebDriver.</doc>
<status status="PASS" start="2025-08-07T11:43:15.904434" elapsed="1.907377"/>
</kw>
<kw name="Go To" owner="SeleniumLibrary">
<msg time="2025-08-07T11:43:17.811811" level="INFO">Opening url 'http://localhost:3000'</msg>
<arg>${URL}</arg>
<doc>Navigates the current browser window to the provided ``url``.</doc>
<status status="PASS" start="2025-08-07T11:43:17.811811" elapsed="1.001007"/>
</kw>
<kw name="Maximize Browser Window" owner="SeleniumLibrary">
<doc>Maximizes current browser window.</doc>
<status status="PASS" start="2025-08-07T11:43:18.812818" elapsed="0.434541"/>
</kw>
<status status="PASS" start="2025-08-07T11:43:15.901368" elapsed="3.345991"/>
</kw>
<kw name="Login With Valid Credentials" owner="userLoginResource">
<kw name="Input Text" owner="SeleniumLibrary">
<msg time="2025-08-07T11:43:19.249362" level="INFO">Typing text 'DLSU admin' into text field 'css:input[placeholder="Username"]'.</msg>
<arg>css:input[placeholder="Username"]</arg>
<arg>${VALID_USERNAME}</arg>
<doc>Types the given ``text`` into the text field identified by ``locator``.</doc>
<status status="PASS" start="2025-08-07T11:43:19.248362" elapsed="0.365512"/>
</kw>
<kw name="Input Text" owner="SeleniumLibrary">
<msg time="2025-08-07T11:43:19.614878" level="INFO">Typing text '123' into text field 'css:input[placeholder="Password"]'.</msg>
<arg>css:input[placeholder="Password"]</arg>
<arg>${VALID_PASSWORD}</arg>
<doc>Types the given ``text`` into the text field identified by ``locator``.</doc>
<status status="PASS" start="2025-08-07T11:43:19.614878" elapsed="0.194047"/>
</kw>
<kw name="Click Button" owner="SeleniumLibrary">
<msg time="2025-08-07T11:43:19.809930" level="INFO">Clicking button 'id:login-button'.</msg>
<arg>id:login-button</arg>
<doc>Clicks the button identified by ``locator``.</doc>
<status status="PASS" start="2025-08-07T11:43:19.808925" elapsed="0.303575"/>
</kw>
<status status="PASS" start="2025-08-07T11:43:19.248362" elapsed="0.864138"/>
</kw>
<kw name="Should Be Redirected To Main Menu" owner="userLoginResource">
<kw name="Wait Until Location Contains" owner="SeleniumLibrary">
<arg>/MainMenu</arg>
<doc>Waits until the current URL contains ``expected``.</doc>
<status status="PASS" start="2025-08-07T11:43:20.114506" elapsed="0.276933"/>
</kw>
<status status="PASS" start="2025-08-07T11:43:20.113505" elapsed="0.277934"/>
</kw>
<kw name="Navigate To Add Employee Page" owner="addEmployeeResource">
<kw name="Execute Javascript" owner="SeleniumLibrary">
<msg time="2025-08-07T11:43:20.393451" level="INFO">Executing JavaScript:
document.getElementById("add-employee-button").scrollIntoView()
Without any arguments.</msg>
<arg>document.getElementById("add-employee-button").scrollIntoView()</arg>
<doc>Executes the given JavaScript code with possible arguments.</doc>
<status status="PASS" start="2025-08-07T11:43:20.392452" elapsed="0.144946"/>
</kw>
<kw name="Click Element" owner="SeleniumLibrary">
<msg time="2025-08-07T11:43:20.538395" level="INFO">Clicking element 'id:add-employee-button'.</msg>
<arg>id:add-employee-button</arg>
<doc>Click the element identified by ``locator``.</doc>
<status status="PASS" start="2025-08-07T11:43:20.538395" elapsed="0.122655"/>
</kw>
<status status="PASS" start="2025-08-07T11:43:20.392452" elapsed="0.268598"/>
</kw>
<kw name="Fill Out Employee Personal Info" owner="addEmployeeResource">
<kw name="Execute Javascript" owner="SeleniumLibrary">
<msg time="2025-08-07T11:43:20.663097" level="INFO">Executing JavaScript:
document.getElementById("fname").scrollIntoView()
Without any arguments.</msg>
<arg>document.getElementById("fname").scrollIntoView()</arg>
<doc>Executes the given JavaScript code with possible arguments.</doc>
<status status="PASS" start="2025-08-07T11:43:20.663097" elapsed="0.015044"/>
</kw>
<kw name="Input Text" owner="SeleniumLibrary">
<msg time="2025-08-07T11:43:20.679152" level="INFO">Typing text 'Juan' into text field 'id:fname'.</msg>
<arg>id:fname</arg>
<arg>${first_name}</arg>
<doc>Types the given ``text`` into the text field identified by ``locator``.</doc>
<status status="PASS" start="2025-08-07T11:43:20.679152" elapsed="0.205718"/>
</kw>
<kw name="Execute Javascript" owner="SeleniumLibrary">
<msg time="2025-08-07T11:43:20.885869" level="INFO">Executing JavaScript:
document.getElementById("mname").scrollIntoView()
Without any arguments.</msg>
<arg>document.getElementById("mname").scrollIntoView()</arg>
<doc>Executes the given JavaScript code with possible arguments.</doc>
<status status="PASS" start="2025-08-07T11:43:20.884870" elapsed="0.010106"/>
</kw>
<kw name="Input Text" owner="SeleniumLibrary">
<msg time="2025-08-07T11:43:20.895978" level="INFO">Typing text 'Dela' into text field 'id:mname'.</msg>
<arg>id:mname</arg>
<arg>${middle_name}</arg>
<doc>Types the given ``text`` into the text field identified by ``locator``.</doc>
<status status="PASS" start="2025-08-07T11:43:20.894976" elapsed="0.178461"/>
</kw>
<kw name="Execute Javascript" owner="SeleniumLibrary">
<msg time="2025-08-07T11:43:21.074421" level="INFO">Executing JavaScript:
document.getElementById("lname").scrollIntoView()
Without any arguments.</msg>
<arg>document.getElementById("lname").scrollIntoView()</arg>
<doc>Executes the given JavaScript code with possible arguments.</doc>
<status status="PASS" start="2025-08-07T11:43:21.074421" elapsed="0.011797"/>
</kw>
<kw name="Input Text" owner="SeleniumLibrary">
<msg time="2025-08-07T11:43:21.087192" level="INFO">Typing text 'Cruz' into text field 'id:lname'.</msg>
<arg>id:lname</arg>
<arg>${last_name}</arg>
<doc>Types the given ``text`` into the text field identified by ``locator``.</doc>
<status status="PASS" start="2025-08-07T11:43:21.086218" elapsed="0.153106"/>
</kw>
<kw name="Execute Javascript" owner="SeleniumLibrary">
<msg time="2025-08-07T11:43:21.239324" level="INFO">Executing JavaScript:
document.getElementById("phone").scrollIntoView()
Without any arguments.</msg>
<arg>document.getElementById("phone").scrollIntoView()</arg>
<doc>Executes the given JavaScript code with possible arguments.</doc>
<status status="PASS" start="2025-08-07T11:43:21.239324" elapsed="0.009168"/>
</kw>
<kw name="Input Text" owner="SeleniumLibrary">
<msg time="2025-08-07T11:43:21.248492" level="INFO">Typing text '09171234567' into text field 'id:phone'.</msg>
<arg>id:phone</arg>
<arg>${phone}</arg>
<doc>Types the given ``text`` into the text field identified by ``locator``.</doc>
<status status="PASS" start="2025-08-07T11:43:21.248492" elapsed="0.189644"/>
</kw>
<kw name="Execute Javascript" owner="SeleniumLibrary">
<msg time="2025-08-07T11:43:21.439167" level="INFO">Executing JavaScript:
document.getElementById("email").scrollIntoView()
Without any arguments.</msg>
<arg>document.getElementById("email").scrollIntoView()</arg>
<doc>Executes the given JavaScript code with possible arguments.</doc>
<status status="PASS" start="2025-08-07T11:43:21.438136" elapsed="0.009547"/>
</kw>
<kw name="Input Text" owner="SeleniumLibrary">
<msg time="2025-08-07T11:43:21.448702" level="INFO">Typing text 'juan@example.com' into text field 'id:email'.</msg>
<arg>id:email</arg>
<arg>${email}</arg>
<doc>Types the given ``text`` into the text field identified by ``locator``.</doc>
<status status="PASS" start="2025-08-07T11:43:21.447683" elapsed="0.205413"/>
</kw>
<arg>${VALID_FIRST_NAME}</arg>
<arg>${VALID_MIDDLE_NAME}</arg>
<arg>${VALID_LAST_NAME}</arg>
<arg>${VALID_PHONE}</arg>
<arg>${VALID_EMAIL}</arg>
<status status="PASS" start="2025-08-07T11:43:20.662076" elapsed="0.991020"/>
</kw>
<kw name="Fill Out Employee Company Info" owner="addEmployeeResource">
<kw name="Execute Javascript" owner="SeleniumLibrary">
<msg time="2025-08-07T11:43:21.654099" level="INFO">Executing JavaScript:
document.getElementById("department").scrollIntoView()
Without any arguments.</msg>
<arg>document.getElementById("department").scrollIntoView()</arg>
<doc>Executes the given JavaScript code with possible arguments.</doc>
<status status="PASS" start="2025-08-07T11:43:21.654099" elapsed="0.011522"/>
</kw>
<kw name="Input Text" owner="SeleniumLibrary">
<msg time="2025-08-07T11:43:21.666615" level="INFO">Typing text 'IT' into text field 'id:department'.</msg>
<arg>id:department</arg>
<arg>${department}</arg>
<doc>Types the given ``text`` into the text field identified by ``locator``.</doc>
<status status="PASS" start="2025-08-07T11:43:21.665621" elapsed="0.120283"/>
</kw>
<kw name="Execute Javascript" owner="SeleniumLibrary">
<msg time="2025-08-07T11:43:21.786935" level="INFO">Executing JavaScript:
document.getElementById("position").scrollIntoView()
Without any arguments.</msg>
<arg>document.getElementById("position").scrollIntoView()</arg>
<doc>Executes the given JavaScript code with possible arguments.</doc>
<status status="PASS" start="2025-08-07T11:43:21.785904" elapsed="0.009547"/>
</kw>
<kw name="Input Text" owner="SeleniumLibrary">
<msg time="2025-08-07T11:43:21.795451" level="INFO">Typing text 'Developer' into text field 'id:position'.</msg>
<arg>id:position</arg>
<arg>${position}</arg>
<doc>Types the given ``text`` into the text field identified by ``locator``.</doc>
<status status="PASS" start="2025-08-07T11:43:21.795451" elapsed="0.162934"/>
</kw>
<kw name="Execute Javascript" owner="SeleniumLibrary">
<msg time="2025-08-07T11:43:21.959386" level="INFO">Executing JavaScript:
document.getElementById("designation").scrollIntoView()
Without any arguments.</msg>
<arg>document.getElementById("designation").scrollIntoView()</arg>
<doc>Executes the given JavaScript code with possible arguments.</doc>
<status status="PASS" start="2025-08-07T11:43:21.958385" elapsed="0.009366"/>
</kw>
<kw name="Input Text" owner="SeleniumLibrary">
<msg time="2025-08-07T11:43:21.967751" level="INFO">Typing text 'Full-stack' into text field 'id:designation'.</msg>
<arg>id:designation</arg>
<arg>${designation}</arg>
<doc>Types the given ``text`` into the text field identified by ``locator``.</doc>
<status status="PASS" start="2025-08-07T11:43:21.967751" elapsed="0.165755"/>
</kw>
<kw name="Execute Javascript" owner="SeleniumLibrary">
<msg time="2025-08-07T11:43:22.133506" level="INFO">Executing JavaScript:
document.getElementById("salary").scrollIntoView()
Without any arguments.</msg>
<arg>document.getElementById("salary").scrollIntoView()</arg>
<doc>Executes the given JavaScript code with possible arguments.</doc>
<status status="PASS" start="2025-08-07T11:43:22.133506" elapsed="0.008439"/>
</kw>
<kw name="Input Text" owner="SeleniumLibrary">
<msg time="2025-08-07T11:43:22.141945" level="INFO">Typing text '35000' into text field 'id:salary'.</msg>
<arg>id:salary</arg>
<arg>${basic_salary}</arg>
<doc>Types the given ``text`` into the text field identified by ``locator``.</doc>
<status status="PASS" start="2025-08-07T11:43:22.141945" elapsed="0.157744"/>
</kw>
<arg>${VALID_DEPARTMENT}</arg>
<arg>${VALID_POSITION}</arg>
<arg>${VALID_DESIGNATION}</arg>
<arg>${VALID_BASIC_SALARY}</arg>
<status status="PASS" start="2025-08-07T11:43:21.653096" elapsed="0.646593"/>
</kw>
<kw name="Set Employee Hiring Date" owner="addEmployeeResource">
<kw name="Wait Until Element Is Visible" owner="SeleniumLibrary">
<arg>id=date</arg>
<doc>Waits until the element ``locator`` is visible.</doc>
<status status="PASS" start="2025-08-07T11:43:22.302215" elapsed="0.039762"/>
</kw>
<kw name="Get Current Date" owner="DateTime">
<msg time="2025-08-07T11:43:22.342989" level="INFO">${today} = 07-08-2025</msg>
<var>${today}</var>
<arg>result_format=%d-%m-%Y</arg>
<doc>Returns current local or UTC time with an optional increment.</doc>
<status status="PASS" start="2025-08-07T11:43:22.341977" elapsed="0.001012"/>
</kw>
<kw name="Execute Javascript" owner="SeleniumLibrary">
<msg time="2025-08-07T11:43:22.342989" level="INFO">Executing JavaScript:
document.getElementById("date").scrollIntoView()
Without any arguments.</msg>
[...]
</test>
<test id="s1-s5-t2" name="AT-11: User input query is composed of invalid values" line="32">
<kw name="Open Login Page" owner="userLoginResource">
<kw name="Evaluate" owner="BuiltIn">
<msg time="2025-08-07T11:43:25.995471" level="INFO">${options} = &lt;selenium.webdriver.chrome.options.Options object at 0x0000013D81DF0F50&gt;</msg>
<var>${options}</var>
<arg>sys.modules['selenium.webdriver'].ChromeOptions()</arg>
<arg>sys, selenium.webdriver</arg>
<doc>Evaluates the given expression in Python and returns the result.</doc>
<status status="PASS" start="2025-08-07T11:43:25.995471" elapsed="0.000000"/>
</kw>
<kw name="Call Method" owner="BuiltIn">
<arg>${options}</arg>
<arg>add_argument</arg>
<arg>--headless</arg>
<doc>Calls the named method of the given object with the provided arguments.</doc>
<status status="PASS" start="2025-08-07T11:43:25.995471" elapsed="0.001004"/>
</kw>
<kw name="Call Method" owner="BuiltIn">
<arg>${options}</arg>
<arg>add_argument</arg>
<arg>--no-sandbox</arg>
<doc>Calls the named method of the given object with the provided arguments.</doc>
<status status="PASS" start="2025-08-07T11:43:25.996475" elapsed="0.000000"/>
</kw>
<kw name="Call Method" owner="BuiltIn">
<arg>${options}</arg>
<arg>add_argument</arg>
<arg>--disable-dev-shm-usage</arg>
<doc>Calls the named method of the given object with the provided arguments.</doc>
<status status="PASS" start="2025-08-07T11:43:25.996475" elapsed="0.000977"/>
</kw>
<kw name="Call Method" owner="BuiltIn">
<arg>${options}</arg>
<arg>add_argument</arg>
<arg>--disable-gpu</arg>
<doc>Calls the named method of the given object with the provided arguments.</doc>
<status status="PASS" start="2025-08-07T11:43:25.997452" elapsed="0.000000"/>
</kw>
<kw name="Create Webdriver" owner="SeleniumLibrary">
<msg time="2025-08-07T11:43:25.998451" level="INFO">Creating an instance of the Chrome WebDriver.</msg>
<arg>Chrome</arg>
<arg>options=${options}</arg>
<doc>Creates an instance of Selenium WebDriver.</doc>
<status status="PASS" start="2025-08-07T11:43:25.997452" elapsed="1.634718"/>
</kw>
<kw name="Go To" owner="SeleniumLibrary">
<msg time="2025-08-07T11:43:27.633167" level="INFO">Opening url 'http://localhost:3000'</msg>
<arg>${URL}</arg>
<doc>Navigates the current browser window to the provided ``url``.</doc>
<status status="PASS" start="2025-08-07T11:43:27.632170" elapsed="0.919949"/>
</kw>
<kw name="Maximize Browser Window" owner="SeleniumLibrary">
<doc>Maximizes current browser window.</doc>
<status status="PASS" start="2025-08-07T11:43:28.552119" elapsed="0.308703"/>
</kw>
<status status="PASS" start="2025-08-07T11:43:25.995471" elapsed="2.865874"/>
</kw>
<kw name="Login With Valid Credentials" owner="userLoginResource">
<kw name="Input Text" owner="SeleniumLibrary">
<msg time="2025-08-07T11:43:28.862868" level="INFO">Typing text 'DLSU admin' into text field 'css:input[placeholder="Username"]'.</msg>
<arg>css:input[placeholder="Username"]</arg>
<arg>${VALID_USERNAME}</arg>
<doc>Types the given ``text`` into the text field identified by ``locator``.</doc>
<status status="PASS" start="2025-08-07T11:43:28.861861" elapsed="0.192956"/>
</kw>
<kw name="Input Text" owner="SeleniumLibrary">
<msg time="2025-08-07T11:43:29.054817" level="INFO">Typing text '123' into text field 'css:input[placeholder="Password"]'.</msg>
<arg>css:input[placeholder="Password"]</arg>
<arg>${VALID_PASSWORD}</arg>
<doc>Types the given ``text`` into the text field identified by ``locator``.</doc>
<status status="PASS" start="2025-08-07T11:43:29.054817" elapsed="0.134479"/>
</kw>
<kw name="Click Button" owner="SeleniumLibrary">
<msg time="2025-08-07T11:43:29.190817" level="INFO">Clicking button 'id:login-button'.</msg>
<arg>id:login-button</arg>
<doc>Clicks the button identified by ``locator``.</doc>
<status status="PASS" start="2025-08-07T11:43:29.189296" elapsed="0.140744"/>
</kw>
<status status="PASS" start="2025-08-07T11:43:28.861861" elapsed="0.469194"/>
</kw>
<kw name="Should Be Redirected To Main Menu" owner="userLoginResource">
<kw name="Wait Until Location Contains" owner="SeleniumLibrary">
<arg>/MainMenu</arg>
<doc>Waits until the current URL contains ``expected``.</doc>
<status status="PASS" start="2025-08-07T11:43:29.331564" elapsed="0.229451"/>
</kw>
<status status="PASS" start="2025-08-07T11:43:29.331564" elapsed="0.229451"/>
</kw>
<kw name="Navigate To Add Employee Page" owner="addEmployeeResource">
<kw name="Execute Javascript" owner="SeleniumLibrary">
<msg time="2025-08-07T11:43:29.564029" level="INFO">Executing JavaScript:
document.getElementById("add-employee-button").scrollIntoView()
Without any arguments.</msg>
<arg>document.getElementById("add-employee-button").scrollIntoView()</arg>
<doc>Executes the given JavaScript code with possible arguments.</doc>
<status status="PASS" start="2025-08-07T11:43:29.563039" elapsed="0.099733"/>
</kw>
<kw name="Click Element" owner="SeleniumLibrary">
<msg time="2025-08-07T11:43:29.663771" level="INFO">Clicking element 'id:add-employee-button'.</msg>
<arg>id:add-employee-button</arg>
<doc>Click the element identified by ``locator``.</doc>
<status status="PASS" start="2025-08-07T11:43:29.663771" elapsed="0.113564"/>
</kw>
<status status="PASS" start="2025-08-07T11:43:29.562030" elapsed="0.215305"/>
</kw>
<kw name="Fill Out Employee Personal Info" owner="addEmployeeResource">
<kw name="Execute Javascript" owner="SeleniumLibrary">
<msg time="2025-08-07T11:43:29.779347" level="INFO">Executing JavaScript:
document.getElementById("fname").scrollIntoView()
Without any arguments.</msg>
<arg>document.getElementById("fname").scrollIntoView()</arg>
<doc>Executes the given JavaScript code with possible arguments.</doc>
<status status="PASS" start="2025-08-07T11:43:29.779347" elapsed="0.008546"/>
</kw>
<kw name="Input Text" owner="SeleniumLibrary">
<msg time="2025-08-07T11:43:29.788875" level="INFO">Typing text '!@#' into text field 'id:fname'.</msg>
<arg>id:fname</arg>
<arg>${first_name}</arg>
<doc>Types the given ``text`` into the text field identified by ``locator``.</doc>
<status status="PASS" start="2025-08-07T11:43:29.788875" elapsed="0.120903"/>
</kw>
<kw name="Execute Javascript" owner="SeleniumLibrary">
<msg time="2025-08-07T11:43:29.910762" level="INFO">Executing JavaScript:
document.getElementById("mname").scrollIntoView()
Without any arguments.</msg>
<arg>document.getElementById("mname").scrollIntoView()</arg>
<doc>Executes the given JavaScript code with possible arguments.</doc>
<status status="PASS" start="2025-08-07T11:43:29.910762" elapsed="0.010229"/>
</kw>
<kw name="Input Text" owner="SeleniumLibrary">
<msg time="2025-08-07T11:43:29.921559" level="INFO">Typing text '123' into text field 'id:mname'.</msg>
<arg>id:mname</arg>
<arg>${middle_name}</arg>
<doc>Types the given ``text`` into the text field identified by ``locator``.</doc>
<status status="PASS" start="2025-08-07T11:43:29.920991" elapsed="0.130862"/>
</kw>
<kw name="Execute Javascript" owner="SeleniumLibrary">
<msg time="2025-08-07T11:43:30.052870" level="INFO">Executing JavaScript:
document.getElementById("lname").scrollIntoView()
Without any arguments.</msg>
<arg>document.getElementById("lname").scrollIntoView()</arg>
<doc>Executes the given JavaScript code with possible arguments.</doc>
<status status="PASS" start="2025-08-07T11:43:30.051853" elapsed="0.008995"/>
</kw>
<kw name="Input Text" owner="SeleniumLibrary">
<msg time="2025-08-07T11:43:30.062032" level="INFO">Typing text '&lt;script&gt;' into text field 'id:lname'.</msg>
<arg>id:lname</arg>
<arg>${last_name}</arg>
<doc>Types the given ``text`` into the text field identified by ``locator``.</doc>
<status status="PASS" start="2025-08-07T11:43:30.060848" elapsed="0.146669"/>
</kw>
<kw name="Execute Javascript" owner="SeleniumLibrary">
<msg time="2025-08-07T11:43:30.207517" level="INFO">Executing JavaScript:
document.getElementById("phone").scrollIntoView()
Without any arguments.</msg>
<arg>document.getElementById("phone").scrollIntoView()</arg>
<doc>Executes the given JavaScript code with possible arguments.</doc>
<status status="PASS" start="2025-08-07T11:43:30.207517" elapsed="0.008544"/>
</kw>
<kw name="Input Text" owner="SeleniumLibrary">
<msg time="2025-08-07T11:43:30.217082" level="INFO">Typing text 'abcdefg' into text field 'id:phone'.</msg>
<arg>id:phone</arg>
<arg>${phone}</arg>
<doc>Types the given ``text`` into the text field identified by ``locator``.</doc>
<status status="PASS" start="2025-08-07T11:43:30.217082" elapsed="0.140936"/>
</kw>
<kw name="Execute Javascript" owner="SeleniumLibrary">
<msg time="2025-08-07T11:43:30.358018" level="INFO">Executing JavaScript:
document.getElementById("email").scrollIntoView()
Without any arguments.</msg>
<arg>document.getElementById("email").scrollIntoView()</arg>
<doc>Executes the given JavaScript code with possible arguments.</doc>
<status status="PASS" start="2025-08-07T11:43:30.358018" elapsed="0.009133"/>
</kw>
<kw name="Input Text" owner="SeleniumLibrary">
<msg time="2025-08-07T11:43:30.368192" level="INFO">Typing text 'not-an-email' into text field 'id:email'.</msg>
<arg>id:email</arg>
<arg>${email}</arg>
<doc>Types the given ``text`` into the text field identified by ``locator``.</doc>
<status status="PASS" start="2025-08-07T11:43:30.367151" elapsed="0.159413"/>
</kw>
<arg>${INVALID_FIRST_NAME}</arg>
<arg>${INVALID_MIDDLE_NAME}</arg>
<arg>${INVALID_LAST_NAME}</arg>
<arg>${INVALID_PHONE}</arg>
<arg>${INVALID_EMAIL}</arg>
<status status="PASS" start="2025-08-07T11:43:29.778349" elapsed="0.748215"/>
</kw>
<kw name="Fill Out Employee Company Info" owner="addEmployeeResource">
<kw name="Execute Javascript" owner="SeleniumLibrary">
<msg time="2025-08-07T11:43:30.527551" level="INFO">Executing JavaScript:
document.getElementById("department").scrollIntoView()
Without any arguments.</msg>
<arg>document.getElementById("department").scrollIntoView()</arg>
<doc>Executes the given JavaScript code with possible arguments.</doc>
<status status="PASS" start="2025-08-07T11:43:30.527551" elapsed="0.010532"/>
</kw>
<kw name="Input Text" owner="SeleniumLibrary">
<msg time="2025-08-07T11:43:30.538083" level="INFO">Typing text '""' into text field 'id:department'.</msg>
<arg>id:department</arg>
<arg>${department}</arg>
<doc>Types the given ``text`` into the text field identified by ``locator``.</doc>
<status status="PASS" start="2025-08-07T11:43:30.538083" elapsed="0.111244"/>
</kw>
<kw name="Execute Javascript" owner="SeleniumLibrary">
<msg time="2025-08-07T11:43:30.649327" level="INFO">Executing JavaScript:
document.getElementById("position").scrollIntoView()
Without any arguments.</msg>
<arg>document.getElementById("position").scrollIntoView()</arg>
<doc>Executes the given JavaScript code with possible arguments.</doc>
<status status="PASS" start="2025-08-07T11:43:30.649327" elapsed="0.008786"/>
</kw>
<kw name="Input Text" owner="SeleniumLibrary">
<msg time="2025-08-07T11:43:30.658113" level="INFO">Typing text '%Manager%' into text field 'id:position'.</msg>
<arg>id:position</arg>
<arg>${position}</arg>
<doc>Types the given ``text`` into the text field identified by ``locator``.</doc>
<status status="PASS" start="2025-08-07T11:43:30.658113" elapsed="0.144058"/>
</kw>
<kw name="Execute Javascript" owner="SeleniumLibrary">
<msg time="2025-08-07T11:43:30.803177" level="INFO">Executing JavaScript:
document.getElementById("designation").scrollIntoView()
Without any arguments.</msg>
<arg>document.getElementById("designation").scrollIntoView()</arg>
<doc>Executes the given JavaScript code with possible arguments.</doc>
<status status="PASS" start="2025-08-07T11:43:30.802171" elapsed="0.006791"/>
</kw>
<kw name="Input Text" owner="SeleniumLibrary">
<msg time="2025-08-07T11:43:30.809948" level="INFO">Typing text '999' into text field 'id:designation'.</msg>
<arg>id:designation</arg>
<arg>${designation}</arg>
<doc>Types the given ``text`` into the text field identified by ``locator``.</doc>
<status status="PASS" start="2025-08-07T11:43:30.808962" elapsed="0.118887"/>
</kw>
<kw name="Execute Javascript" owner="SeleniumLibrary">
<msg time="2025-08-07T11:43:30.928845" level="INFO">Executing JavaScript:
document.getElementById("salary").scrollIntoView()
Without any arguments.</msg>
<arg>document.getElementById("salary").scrollIntoView()</arg>
<doc>Executes the given JavaScript code with possible arguments.</doc>
<status status="PASS" start="2025-08-07T11:43:30.928845" elapsed="0.007364"/>
</kw>
<kw name="Input Text" owner="SeleniumLibrary">
<msg time="2025-08-07T11:43:30.937242" level="INFO">Typing text '-10000' into text field 'id:salary'.</msg>
<arg>id:salary</arg>
<arg>${basic_salary}</arg>
<doc>Types the given ``text`` into the text field identified by ``locator``.</doc>
<status status="PASS" start="2025-08-07T11:43:30.936209" elapsed="0.128600"/>
</kw>
<arg>${INVALID_DEPARTMENT}</arg>
<arg>${INVALID_POSITION}</arg>
<arg>${INVALID_DESIGNATION}</arg>
<arg>${INVALID_BASIC_SALARY}</arg>
<status status="PASS" start="2025-08-07T11:43:30.527551" elapsed="0.537258"/>
</kw>
<kw name="Set Employee Hiring Date" owner="addEmployeeResource">
<kw name="Wait Until Element Is Visible" owner="SeleniumLibrary">
<arg>id=date</arg>
<doc>Waits until the element ``locator`` is visible.</doc>
<status status="PASS" start="2025-08-07T11:43:31.065855" elapsed="0.028149"/>
</kw>
<kw name="Get Current Date" owner="DateTime">
<msg time="2025-08-07T11:43:31.094004" level="INFO">${today} = 07-08-2025</msg>
<var>${today}</var>
<arg>result_format=%d-%m-%Y</arg>
<doc>Returns current local or UTC time with an optional increment.</doc>
<status status="PASS" start="2025-08-07T11:43:31.094004" elapsed="0.000000"/>
</kw>
<kw name="Execute Javascript" owner="SeleniumLibrary">
<msg time="2025-08-07T11:43:31.095025" level="INFO">Executing JavaScript:
document.getElementById("date").scrollIntoView()
Without any arguments.</msg>
<arg>document.getElementById("date").scrollIntoView()</arg>
<doc>Executes the given JavaScript code with possible arguments.</doc>
<status status="PASS" start="2025-08-07T11:43:31.095025" elapsed="0.007426"/>
</kw>
<kw name="Input Text" owner="SeleniumLibrary">
<msg time="2025-08-07T11:43:31.102451" level="INFO">Typing text '07-08-2025' into text field 'id=date'.</msg>
<arg>id=date</arg>
<arg>${today}</arg>
<doc>Types the given ``text`` into the text field identified by ``locator``.</doc>
<status status="PASS" start="2025-08-07T11:43:31.102451" elapsed="0.119394"/>
</kw>
<kw name="Sleep" owner="BuiltIn">
<msg time="2025-08-07T11:43:31.723650" level="INFO">Slept 500 milliseconds.</msg>
<arg>0.5s</arg>
<doc>Pauses the test executed for the given time.</doc>
<status status="PASS" start="2025-08-07T11:43:31.221845" elapsed="0.501805"/>
</kw>
<status status="PASS" start="2025-08-07T11:43:31.065855" elapsed="0.657795"/>
</kw>
<kw name="Fill Out Employee Bank Info" owner="addEmployeeResource">
<kw name="Execute Javascript" owner="SeleniumLibrary">
<msg time="2025-08-07T11:43:31.725167" level="INFO">Executing JavaScript:
document.getElementById("bank").scrollIntoView()
Without any arguments.</msg>
<arg>document.getElementById("bank").scrollIntoView()</arg>
<doc>Executes the given JavaScript code with possible arguments.</doc>
<status status="PASS" start="2025-08-07T11:43:31.723650" elapsed="0.010007"/>
</kw>
<kw name="Input Text" owner="SeleniumLibrary">
<msg time="2025-08-07T11:43:31.733657" level="INFO">Typing text '""' into text field 'id:bank'.</msg>
<arg>id:bank</arg>
<arg>${bank_name}</arg>
<doc>Types the given ``text`` into the text field identified by ``locator``.</doc>
<status status="PASS" start="2025-08-07T11:43:31.733657" elapsed="0.117320"/>
</kw>
<kw name="Execute Javascript" owner="SeleniumLibrary">
<msg time="2025-08-07T11:43:31.852102" level="INFO">Executing JavaScript:
document.getElementById("account").scrollIntoView()
Without any arguments.</msg>
<arg>document.getElementById("account").scrollIntoView()</arg>
<doc>Executes the given JavaScript code with possible arguments.</doc>
<status status="PASS" start="2025-08-07T11:43:31.850977" elapsed="0.008805"/>
</kw>
<kw name="Input Text" owner="SeleniumLibrary">
<msg time="2025-08-07T11:43:31.859782" level="INFO">Typing text 'abc123' into text field 'id:account'.</msg>
<arg>id:account</arg>
<arg>${account_number}</arg>
<doc>Types the given ``text`` into the text field identified by ``locator``.</doc>
<status status="PASS" start="2025-08-07T11:43:31.859782" elapsed="0.113316"/>
</kw>
<kw name="Execute Javascript" owner="SeleniumLibrary">
<msg time="2025-08-07T11:43:31.974100" level="INFO">Executing JavaScript:
document.getElementById("branch").scrollIntoView()
Without any arguments.</msg>
<arg>document.getElementById("branch").scrollIntoView()</arg>
<doc>Executes the given JavaScript code with possible arguments.</doc>
<status status="PASS" start="2025-08-07T11:43:31.973098" elapsed="0.010006"/>
</kw>
<kw name="Input Text" owner="SeleniumLibrary">
<msg time="2025-08-07T11:43:31.983104" level="INFO">Typing text 'null' into text field 'id:branch'.</msg>
<arg>id:branch</arg>
<arg>${branch}</arg>
<doc>Types the given ``text`` into the text field identified by ``locator``.</doc>
<status status="PASS" start="2025-08-07T11:43:31.983104" elapsed="0.123938"/>
</kw>
<arg>${INVALID_BANK_NAME}</arg>
<arg>${INVALID_ACCOUNT_NUMBER}</arg>
<arg>${INVALID_BRANCH}</arg>
<status status="PASS" start="2025-08-07T11:43:31.723650" elapsed="0.383392"/>
</kw>
<kw name="Submit Employee Form" owner="addEmployeeResource">
<kw name="Execute Javascript" owner="SeleniumLibrary">
<msg time="2025-08-07T11:43:32.108078" level="INFO">Executing JavaScript:
document.getElementById("add-employee-btn").scrollIntoView()
Without any arguments.</msg>
<arg>document.getElementById("add-employee-btn").scrollIntoView()</arg>
<doc>Executes the given JavaScript code with possible arguments.</doc>
<status status="PASS" start="2025-08-07T11:43:32.107042" elapsed="0.008091"/>
</kw>
<kw name="Click Button" owner="SeleniumLibrary">
<msg time="2025-08-07T11:43:32.116133" level="INFO">Clicking button 'id:add-employee-btn'.</msg>
<arg>id:add-employee-btn</arg>
<doc>Clicks the button identified by ``locator``.</doc>
<status status="PASS" start="2025-08-07T11:43:32.115133" elapsed="0.109575"/>
</kw>
<status status="PASS" start="2025-08-07T11:43:32.107042" elapsed="0.117666"/>
</kw>
<kw name="Close Browser" owner="SeleniumLibrary" type="TEARDOWN">
<doc>Closes the current browser.</doc>
<status status="PASS" start="2025-08-07T11:43:32.225919" elapsed="2.504138"/>
</kw>
<status status="PASS" start="2025-08-07T11:43:25.994450" elapsed="8.736628"/>
</test>
<doc>Test cases for Add Employee</doc>
<status status="PASS" start="2025-08-07T11:43:15.865148" elapsed="18.867450"/>
</suite>
<status status="PASS" start="2025-08-07T11:42:08.526003" elapsed="86.208592"/>
</suite>
<statistics>
<total>
<stat pass="11" fail="0" skip="0">All Tests</stat>
</total>
<tag>
</tag>
<suite>
<stat name="Selenium" id="s1" pass="11" fail="0" skip="0">Selenium</stat>
<stat name="01 userLogin" id="s1-s1" pass="2" fail="0" skip="0">Selenium.01 userLogin</stat>
<stat name="02 settingDefaultRate" id="s1-s2" pass="3" fail="0" skip="0">Selenium.02 settingDefaultRate</stat>
<stat name="03 calculatePayroll" id="s1-s3" pass="2" fail="0" skip="0">Selenium.03 calculatePayroll</stat>
<stat name="04 viewPayrollHistory" id="s1-s4" pass="2" fail="0" skip="0">Selenium.04 viewPayrollHistory</stat>
<stat name="05 addEmployee" id="s1-s5" pass="2" fail="0" skip="0">Selenium.05 addEmployee</stat>
</suite>
</statistics>
<errors>
</errors>
</robot>

